<?xml version="1.0" encoding="UTF-8"?>
<testsuite name="PolygonTest" tests="1" skipped="0" failures="0" errors="0" timestamp="2021-12-18T15:02:25" hostname="DESKTOP-LSLE137" time="1.168">
  <properties/>
  <testcase name="Test Polygon Client Impl()" classname="PolygonTest" time="1.168"/>
  <system-out><![CDATA[Intercepting application level
Intercepting network level
{end time: 2019-12-19T10:02-05:00[America/New_York], close price: 280.260000, open price: 280.320000, low price: 280.222700, high price: 280.340000, volume: 48142.000000}
{end time: 2019-12-19T10:03-05:00[America/New_York], close price: 280.345300, open price: 280.261500, low price: 280.239200, high price: 280.350000, volume: 42681.000000}
{end time: 2019-12-19T10:04-05:00[America/New_York], close price: 280.230000, open price: 280.350000, low price: 280.195000, high price: 280.350000, volume: 63714.000000}
{end time: 2019-12-19T10:05-05:00[America/New_York], close price: 280.170000, open price: 280.230000, low price: 280.130000, high price: 280.300000, volume: 77161.000000}
{end time: 2019-12-19T10:06-05:00[America/New_York], close price: 280.310000, open price: 280.170000, low price: 280.170000, high price: 280.350000, volume: 57301.000000}
{end time: 2019-12-19T10:07-05:00[America/New_York], close price: 280.160000, open price: 280.322000, low price: 280.120000, high price: 280.328000, volume: 39988.000000}
{end time: 2019-12-19T10:08-05:00[America/New_York], close price: 280.160000, open price: 280.160000, low price: 280.090000, high price: 280.179900, volume: 35500.000000}
{end time: 2019-12-19T10:09-05:00[America/New_York], close price: 280.081000, open price: 280.150000, low price: 280.060000, high price: 280.189500, volume: 49877.000000}
{end time: 2019-12-19T10:10-05:00[America/New_York], close price: 279.910100, open price: 280.100000, low price: 279.910000, high price: 280.130500, volume: 78323.000000}
{end time: 2019-12-19T10:11-05:00[America/New_York], close price: 279.900000, open price: 279.921600, low price: 279.860000, high price: 279.960000, volume: 56385.000000}
{end time: 2019-12-19T10:12-05:00[America/New_York], close price: 279.890000, open price: 279.910000, low price: 279.890000, high price: 280.079900, volume: 64761.000000}
{end time: 2019-12-19T10:13-05:00[America/New_York], close price: 279.950000, open price: 279.896800, low price: 279.820000, high price: 280.040000, volume: 82877.000000}
{end time: 2019-12-19T10:14-05:00[America/New_York], close price: 279.970000, open price: 279.960000, low price: 279.960000, high price: 280.095500, volume: 68999.000000}
{end time: 2019-12-19T10:15-05:00[America/New_York], close price: 280.012100, open price: 279.970000, low price: 279.970000, high price: 280.100000, volume: 51289.000000}
{end time: 2019-12-19T10:16-05:00[America/New_York], close price: 279.877800, open price: 280.020000, low price: 279.860000, high price: 280.050000, volume: 37275.000000}
{end time: 2019-12-19T10:17-05:00[America/New_York], close price: 279.768800, open price: 279.870000, low price: 279.760000, high price: 279.924000, volume: 75919.000000}
{end time: 2019-12-19T10:18-05:00[America/New_York], close price: 279.650000, open price: 279.762300, low price: 279.650000, high price: 279.780000, volume: 50457.000000}
{end time: 2019-12-19T10:19-05:00[America/New_York], close price: 279.660000, open price: 279.640000, low price: 279.570000, high price: 279.680000, volume: 63594.000000}
{end time: 2019-12-19T10:20-05:00[America/New_York], close price: 279.915900, open price: 279.670000, low price: 279.645000, high price: 279.930000, volume: 69447.000000}
{end time: 2019-12-19T10:21-05:00[America/New_York], close price: 279.840000, open price: 279.920000, low price: 279.810100, high price: 279.950000, volume: 73131.000000}
{end time: 2019-12-19T10:22-05:00[America/New_York], close price: 279.980000, open price: 279.830000, low price: 279.820000, high price: 280.080000, volume: 77092.000000}
{end time: 2019-12-19T10:23-05:00[America/New_York], close price: 279.940000, open price: 279.980000, low price: 279.855200, high price: 280.060000, volume: 43127.000000}
{end time: 2019-12-19T10:24-05:00[America/New_York], close price: 279.949900, open price: 279.955000, low price: 279.920000, high price: 280.000000, volume: 34969.000000}
{end time: 2019-12-19T10:25-05:00[America/New_York], close price: 279.980000, open price: 279.946100, low price: 279.920000, high price: 280.050000, volume: 47017.000000}
{end time: 2019-12-19T10:26-05:00[America/New_York], close price: 279.930000, open price: 279.975000, low price: 279.860100, high price: 280.010000, volume: 55629.000000}
{end time: 2019-12-19T10:27-05:00[America/New_York], close price: 280.100000, open price: 279.920500, low price: 279.810000, high price: 280.100000, volume: 48395.000000}
{end time: 2019-12-19T10:28-05:00[America/New_York], close price: 280.159000, open price: 280.094000, low price: 280.070000, high price: 280.200000, volume: 59772.000000}
{end time: 2019-12-19T10:29-05:00[America/New_York], close price: 280.300000, open price: 280.170000, low price: 280.170000, high price: 280.380000, volume: 103753.000000}
{end time: 2019-12-19T10:30-05:00[America/New_York], close price: 280.199800, open price: 280.300000, low price: 280.180000, high price: 280.321700, volume: 46808.000000}
{end time: 2019-12-19T10:31-05:00[America/New_York], close price: 280.090000, open price: 280.192600, low price: 280.090000, high price: 280.249900, volume: 45496.000000}
{end time: 2019-12-19T10:32-05:00[America/New_York], close price: 279.970000, open price: 280.100000, low price: 279.970000, high price: 280.120000, volume: 64913.000000}
{end time: 2019-12-19T10:33-05:00[America/New_York], close price: 279.825300, open price: 279.970100, low price: 279.820000, high price: 279.980000, volume: 48840.000000}
{end time: 2019-12-19T10:34-05:00[America/New_York], close price: 279.790000, open price: 279.840000, low price: 279.710000, high price: 279.875800, volume: 62838.000000}
{end time: 2019-12-19T10:35-05:00[America/New_York], close price: 279.840000, open price: 279.790000, low price: 279.780000, high price: 279.860000, volume: 40545.000000}
{end time: 2019-12-19T10:36-05:00[America/New_York], close price: 279.966700, open price: 279.840000, low price: 279.835000, high price: 280.050000, volume: 59601.000000}
{end time: 2019-12-19T10:37-05:00[America/New_York], close price: 279.788200, open price: 279.950000, low price: 279.760000, high price: 279.959700, volume: 42982.000000}
{end time: 2019-12-19T10:38-05:00[America/New_York], close price: 279.864600, open price: 279.770000, low price: 279.710000, high price: 279.900000, volume: 54649.000000}
{end time: 2019-12-19T10:39-05:00[America/New_York], close price: 279.855000, open price: 279.870000, low price: 279.820000, high price: 279.910000, volume: 102435.000000}
{end time: 2019-12-19T10:40-05:00[America/New_York], close price: 279.800000, open price: 279.852400, low price: 279.800000, high price: 279.880000, volume: 27096.000000}
{end time: 2019-12-19T10:41-05:00[America/New_York], close price: 279.800000, open price: 279.789900, low price: 279.789900, high price: 279.840000, volume: 33031.000000}
{end time: 2019-12-19T10:42-05:00[America/New_York], close price: 279.880000, open price: 279.790000, low price: 279.785000, high price: 279.884600, volume: 40262.000000}
{end time: 2019-12-19T10:43-05:00[America/New_York], close price: 280.050000, open price: 279.870000, low price: 279.830000, high price: 280.080000, volume: 56903.000000}
{end time: 2019-12-19T10:44-05:00[America/New_York], close price: 279.980000, open price: 280.040000, low price: 279.955400, high price: 280.050000, volume: 37190.000000}
{end time: 2019-12-19T10:45-05:00[America/New_York], close price: 280.010000, open price: 279.970000, low price: 279.962000, high price: 280.110000, volume: 48362.000000}
{end time: 2019-12-19T10:46-05:00[America/New_York], close price: 279.960100, open price: 280.030000, low price: 279.960000, high price: 280.100000, volume: 79081.000000}
{end time: 2019-12-19T10:47-05:00[America/New_York], close price: 279.920000, open price: 279.972100, low price: 279.880000, high price: 279.972100, volume: 38488.000000}
{end time: 2019-12-19T10:48-05:00[America/New_York], close price: 279.900000, open price: 279.910000, low price: 279.880000, high price: 279.930000, volume: 25825.000000}
{end time: 2019-12-19T10:49-05:00[America/New_York], close price: 279.900000, open price: 279.905000, low price: 279.880000, high price: 279.950000, volume: 24027.000000}
{end time: 2019-12-19T10:50-05:00[America/New_York], close price: 279.760000, open price: 279.900000, low price: 279.740000, high price: 279.920000, volume: 48447.000000}
{end time: 2019-12-19T10:51-05:00[America/New_York], close price: 279.790400, open price: 279.760000, low price: 279.750000, high price: 279.847300, volume: 39825.000000}
{end time: 2019-12-19T10:52-05:00[America/New_York], close price: 279.700000, open price: 279.780000, low price: 279.660000, high price: 279.780000, volume: 61450.000000}
{end time: 2019-12-19T10:53-05:00[America/New_York], close price: 279.670800, open price: 279.689900, low price: 279.620000, high price: 279.714100, volume: 31462.000000}
{end time: 2019-12-19T10:54-05:00[America/New_York], close price: 279.705000, open price: 279.680000, low price: 279.650000, high price: 279.705000, volume: 22240.000000}
{end time: 2019-12-19T10:55-05:00[America/New_York], close price: 279.735000, open price: 279.706200, low price: 279.700000, high price: 279.850000, volume: 53290.000000}
{end time: 2019-12-19T10:56-05:00[America/New_York], close price: 279.729000, open price: 279.730000, low price: 279.700000, high price: 279.749900, volume: 29559.000000}
{end time: 2019-12-19T10:57-05:00[America/New_York], close price: 279.720000, open price: 279.725000, low price: 279.683200, high price: 279.800000, volume: 42587.000000}
{end time: 2019-12-19T10:58-05:00[America/New_York], close price: 279.654200, open price: 279.720000, low price: 279.620000, high price: 279.720000, volume: 30206.000000}
{end time: 2019-12-19T10:59-05:00[America/New_York], close price: 279.487700, open price: 279.660000, low price: 279.460000, high price: 279.682000, volume: 82634.000000}
{end time: 2019-12-19T11:00-05:00[America/New_York], close price: 279.600000, open price: 279.490000, low price: 279.490000, high price: 279.610000, volume: 50166.000000}
{end time: 2019-12-19T11:01-05:00[America/New_York], close price: 279.670200, open price: 279.596600, low price: 279.590000, high price: 279.730000, volume: 48350.000000}
{end time: 2019-12-19T11:02-05:00[America/New_York], close price: 279.930000, open price: 279.670000, low price: 279.670000, high price: 279.990000, volume: 69053.000000}
{end time: 2019-12-19T11:03-05:00[America/New_York], close price: 279.980000, open price: 279.930000, low price: 279.890000, high price: 279.980000, volume: 56443.000000}
{end time: 2019-12-19T11:04-05:00[America/New_York], close price: 279.940000, open price: 279.980000, low price: 279.920000, high price: 280.090000, volume: 80393.000000}
{end time: 2019-12-19T11:05-05:00[America/New_York], close price: 279.970000, open price: 279.930000, low price: 279.880000, high price: 279.990000, volume: 37026.000000}
{end time: 2019-12-19T11:06-05:00[America/New_York], close price: 279.924900, open price: 279.980000, low price: 279.850100, high price: 279.990000, volume: 28802.000000}
{end time: 2019-12-19T11:07-05:00[America/New_York], close price: 279.910000, open price: 279.910000, low price: 279.870000, high price: 279.920100, volume: 16714.000000}
{end time: 2019-12-19T11:08-05:00[America/New_York], close price: 279.850000, open price: 279.900000, low price: 279.830000, high price: 279.926700, volume: 26225.000000}
{end time: 2019-12-19T11:09-05:00[America/New_York], close price: 279.850100, open price: 279.840000, low price: 279.720000, high price: 279.860000, volume: 45811.000000}
{end time: 2019-12-19T11:10-05:00[America/New_York], close price: 279.704100, open price: 279.860000, low price: 279.700000, high price: 279.923200, volume: 42524.000000}
{end time: 2019-12-19T11:11-05:00[America/New_York], close price: 279.700200, open price: 279.700000, low price: 279.642100, high price: 279.710000, volume: 41446.000000}
{end time: 2019-12-19T11:12-05:00[America/New_York], close price: 279.650000, open price: 279.710000, low price: 279.640000, high price: 279.780000, volume: 28419.000000}
{end time: 2019-12-19T11:13-05:00[America/New_York], close price: 279.620000, open price: 279.650000, low price: 279.550000, high price: 279.651400, volume: 56717.000000}
{end time: 2019-12-19T11:14-05:00[America/New_York], close price: 279.600000, open price: 279.610000, low price: 279.570000, high price: 279.660000, volume: 41160.000000}
{end time: 2019-12-19T11:15-05:00[America/New_York], close price: 279.630000, open price: 279.598900, low price: 279.540000, high price: 279.650000, volume: 38372.000000}
{end time: 2019-12-19T11:16-05:00[America/New_York], close price: 279.640000, open price: 279.624800, low price: 279.553200, high price: 279.650000, volume: 25378.000000}
{end time: 2019-12-19T11:17-05:00[America/New_York], close price: 279.600000, open price: 279.635000, low price: 279.560000, high price: 279.640000, volume: 34286.000000}
{end time: 2019-12-19T11:18-05:00[America/New_York], close price: 279.580000, open price: 279.600000, low price: 279.555000, high price: 279.620000, volume: 25754.000000}
{end time: 2019-12-19T11:19-05:00[America/New_York], close price: 279.578600, open price: 279.596500, low price: 279.560000, high price: 279.620000, volume: 19458.000000}
{end time: 2019-12-19T11:20-05:00[America/New_York], close price: 279.740000, open price: 279.585000, low price: 279.585000, high price: 279.760000, volume: 53330.000000}
{end time: 2019-12-19T11:21-05:00[America/New_York], close price: 279.923900, open price: 279.740000, low price: 279.740000, high price: 279.930000, volume: 69094.000000}
{end time: 2019-12-19T11:22-05:00[America/New_York], close price: 279.960000, open price: 279.930000, low price: 279.850100, high price: 279.980000, volume: 44281.000000}
{end time: 2019-12-19T11:23-05:00[America/New_York], close price: 279.980000, open price: 279.940000, low price: 279.940000, high price: 280.030000, volume: 86523.000000}
{end time: 2019-12-19T11:24-05:00[America/New_York], close price: 279.920000, open price: 279.993700, low price: 279.890000, high price: 280.006600, volume: 53079.000000}
{end time: 2019-12-19T11:25-05:00[America/New_York], close price: 279.950000, open price: 279.910000, low price: 279.900000, high price: 279.960000, volume: 27118.000000}
{end time: 2019-12-19T11:26-05:00[America/New_York], close price: 279.870000, open price: 279.940000, low price: 279.840000, high price: 279.950000, volume: 22522.000000}
{end time: 2019-12-19T11:27-05:00[America/New_York], close price: 279.912300, open price: 279.899900, low price: 279.850000, high price: 279.920000, volume: 16491.000000}
{end time: 2019-12-19T11:28-05:00[America/New_York], close price: 279.994500, open price: 279.918000, low price: 279.840000, high price: 280.000000, volume: 34048.000000}
{end time: 2019-12-19T11:29-05:00[America/New_York], close price: 279.979000, open price: 279.990000, low price: 279.940000, high price: 279.990000, volume: 14660.000000}
{end time: 2019-12-19T11:30-05:00[America/New_York], close price: 279.980000, open price: 279.977900, low price: 279.960000, high price: 279.997800, volume: 13436.000000}
{end time: 2019-12-19T11:31-05:00[America/New_York], close price: 279.920000, open price: 279.970000, low price: 279.920000, high price: 279.970000, volume: 20617.000000}
{end time: 2019-12-19T11:32-05:00[America/New_York], close price: 280.010000, open price: 279.911000, low price: 279.911000, high price: 280.030000, volume: 36507.000000}
{end time: 2019-12-19T11:33-05:00[America/New_York], close price: 280.227300, open price: 280.030000, low price: 280.010000, high price: 280.270000, volume: 85501.000000}
{end time: 2019-12-19T11:34-05:00[America/New_York], close price: 280.180000, open price: 280.233100, low price: 280.080000, high price: 280.233100, volume: 43805.000000}
{end time: 2019-12-19T11:35-05:00[America/New_York], close price: 280.050100, open price: 280.190000, low price: 280.020000, high price: 280.210000, volume: 28724.000000}
{end time: 2019-12-19T11:36-05:00[America/New_York], close price: 280.050000, open price: 280.050000, low price: 279.970000, high price: 280.060000, volume: 29414.000000}
{end time: 2019-12-19T11:37-05:00[America/New_York], close price: 279.970000, open price: 280.050000, low price: 279.960000, high price: 280.098400, volume: 24665.000000}
{end time: 2019-12-19T11:38-05:00[America/New_York], close price: 279.840000, open price: 279.960000, low price: 279.840000, high price: 279.960000, volume: 29713.000000}
{end time: 2019-12-19T11:39-05:00[America/New_York], close price: 279.848200, open price: 279.850000, low price: 279.830000, high price: 279.880000, volume: 43418.000000}
{end time: 2019-12-19T11:40-05:00[America/New_York], close price: 279.861400, open price: 279.845200, low price: 279.820000, high price: 279.870000, volume: 60148.000000}
{end time: 2019-12-19T11:41-05:00[America/New_York], close price: 279.900000, open price: 279.869800, low price: 279.840000, high price: 279.900000, volume: 24457.000000}
{end time: 2019-12-19T11:42-05:00[America/New_York], close price: 279.935500, open price: 279.890000, low price: 279.860000, high price: 279.959900, volume: 30699.000000}
{end time: 2019-12-19T11:43-05:00[America/New_York], close price: 279.977500, open price: 279.933900, low price: 279.920000, high price: 279.986000, volume: 24414.000000}
{end time: 2019-12-19T11:44-05:00[America/New_York], close price: 280.058000, open price: 279.970000, low price: 279.970000, high price: 280.058000, volume: 19216.000000}
{end time: 2019-12-19T11:45-05:00[America/New_York], close price: 280.100100, open price: 280.060000, low price: 280.050000, high price: 280.150000, volume: 49087.000000}
{end time: 2019-12-19T11:46-05:00[America/New_York], close price: 280.067800, open price: 280.100000, low price: 279.970000, high price: 280.110000, volume: 26085.000000}
{end time: 2019-12-19T11:47-05:00[America/New_York], close price: 280.055000, open price: 280.070000, low price: 280.004500, high price: 280.090000, volume: 14531.000000}
{end time: 2019-12-19T11:48-05:00[America/New_York], close price: 279.986600, open price: 280.050000, low price: 279.970000, high price: 280.050000, volume: 17041.000000}
{end time: 2019-12-19T11:49-05:00[America/New_York], close price: 280.035400, open price: 279.981500, low price: 279.981500, high price: 280.060000, volume: 14727.000000}
{end time: 2019-12-19T11:50-05:00[America/New_York], close price: 279.859900, open price: 280.020000, low price: 279.840400, high price: 280.020000, volume: 54086.000000}
{end time: 2019-12-19T11:51-05:00[America/New_York], close price: 279.823000, open price: 279.857400, low price: 279.800000, high price: 279.870000, volume: 39631.000000}
{end time: 2019-12-19T11:52-05:00[America/New_York], close price: 279.875000, open price: 279.835000, low price: 279.820000, high price: 279.930000, volume: 19866.000000}
{end time: 2019-12-19T11:53-05:00[America/New_York], close price: 279.895000, open price: 279.870000, low price: 279.840000, high price: 279.895000, volume: 20034.000000}
{end time: 2019-12-19T11:54-05:00[America/New_York], close price: 279.790700, open price: 279.897900, low price: 279.788800, high price: 279.897900, volume: 20487.000000}
{end time: 2019-12-19T11:55-05:00[America/New_York], close price: 279.800000, open price: 279.810000, low price: 279.764000, high price: 279.820000, volume: 16149.000000}
{end time: 2019-12-19T11:56-05:00[America/New_York], close price: 279.866300, open price: 279.790000, low price: 279.770000, high price: 279.866300, volume: 18623.000000}
{end time: 2019-12-19T11:57-05:00[America/New_York], close price: 279.760000, open price: 279.868000, low price: 279.760000, high price: 279.868000, volume: 16495.000000}
{end time: 2019-12-19T11:58-05:00[America/New_York], close price: 279.774300, open price: 279.760100, low price: 279.722000, high price: 279.810000, volume: 39920.000000}
{end time: 2019-12-19T11:59-05:00[America/New_York], close price: 279.825500, open price: 279.760000, low price: 279.750000, high price: 279.880000, volume: 23130.000000}
{end time: 2019-12-19T12:00-05:00[America/New_York], close price: 279.830000, open price: 279.820000, low price: 279.810000, high price: 279.860000, volume: 23914.000000}
{end time: 2019-12-19T12:01-05:00[America/New_York], close price: 279.915800, open price: 279.830200, low price: 279.819500, high price: 279.930000, volume: 43423.000000}
{end time: 2019-12-19T12:02-05:00[America/New_York], close price: 279.929000, open price: 279.920000, low price: 279.904200, high price: 279.950000, volume: 23828.000000}
{end time: 2019-12-19T12:03-05:00[America/New_York], close price: 279.810000, open price: 279.922700, low price: 279.780000, high price: 279.950000, volume: 30739.000000}
{end time: 2019-12-19T12:04-05:00[America/New_York], close price: 279.810000, open price: 279.808800, low price: 279.794500, high price: 279.920000, volume: 23236.000000}
{end time: 2019-12-19T12:05-05:00[America/New_York], close price: 279.785800, open price: 279.820000, low price: 279.770000, high price: 279.830000, volume: 22115.000000}
{end time: 2019-12-19T12:06-05:00[America/New_York], close price: 279.750100, open price: 279.785000, low price: 279.700000, high price: 279.799900, volume: 29392.000000}
{end time: 2019-12-19T12:07-05:00[America/New_York], close price: 279.824900, open price: 279.771000, low price: 279.730000, high price: 279.850000, volume: 20650.000000}
{end time: 2019-12-19T12:08-05:00[America/New_York], close price: 279.790000, open price: 279.823400, low price: 279.750000, high price: 279.860000, volume: 24255.000000}
{end time: 2019-12-19T12:09-05:00[America/New_York], close price: 279.788700, open price: 279.782100, low price: 279.740000, high price: 279.800000, volume: 15115.000000}
{end time: 2019-12-19T12:10-05:00[America/New_York], close price: 279.690000, open price: 279.770000, low price: 279.690000, high price: 279.770000, volume: 24131.000000}
{end time: 2019-12-19T12:11-05:00[America/New_York], close price: 279.670000, open price: 279.681500, low price: 279.635000, high price: 279.700000, volume: 26863.000000}
{end time: 2019-12-19T12:12-05:00[America/New_York], close price: 279.700000, open price: 279.688000, low price: 279.668800, high price: 279.720000, volume: 20163.000000}
{end time: 2019-12-19T12:13-05:00[America/New_York], close price: 279.710000, open price: 279.700000, low price: 279.660000, high price: 279.740000, volume: 28667.000000}
{end time: 2019-12-19T12:14-05:00[America/New_York], close price: 279.780000, open price: 279.713400, low price: 279.680000, high price: 279.780000, volume: 32871.000000}
{end time: 2019-12-19T12:15-05:00[America/New_York], close price: 279.800100, open price: 279.775000, low price: 279.762000, high price: 279.879900, volume: 31082.000000}
{end time: 2019-12-19T12:16-05:00[America/New_York], close price: 279.798800, open price: 279.810000, low price: 279.770000, high price: 279.830000, volume: 17480.000000}
{end time: 2019-12-19T12:17-05:00[America/New_York], close price: 279.740000, open price: 279.805800, low price: 279.710000, high price: 279.805800, volume: 27375.000000}
{end time: 2019-12-19T12:18-05:00[America/New_York], close price: 279.739900, open price: 279.744200, low price: 279.720000, high price: 279.778000, volume: 11439.000000}
{end time: 2019-12-19T12:19-05:00[America/New_York], close price: 279.769900, open price: 279.731000, low price: 279.724200, high price: 279.790000, volume: 19256.000000}
{end time: 2019-12-19T12:20-05:00[America/New_York], close price: 279.760000, open price: 279.760000, low price: 279.734100, high price: 279.800000, volume: 16243.000000}
{end time: 2019-12-19T12:21-05:00[America/New_York], close price: 279.733900, open price: 279.780000, low price: 279.730000, high price: 279.800000, volume: 8275.000000}
{end time: 2019-12-19T12:22-05:00[America/New_York], close price: 279.778000, open price: 279.730000, low price: 279.730000, high price: 279.780000, volume: 16040.000000}
{end time: 2019-12-19T12:23-05:00[America/New_York], close price: 279.730000, open price: 279.770000, low price: 279.730000, high price: 279.780000, volume: 12244.000000}
{end time: 2019-12-19T12:24-05:00[America/New_York], close price: 279.650000, open price: 279.731500, low price: 279.640000, high price: 279.740000, volume: 36925.000000}
{end time: 2019-12-19T12:25-05:00[America/New_York], close price: 279.670000, open price: 279.650000, low price: 279.630200, high price: 279.700000, volume: 20588.000000}
{end time: 2019-12-19T12:26-05:00[America/New_York], close price: 279.666100, open price: 279.678000, low price: 279.660000, high price: 279.720000, volume: 13179.000000}
{end time: 2019-12-19T12:27-05:00[America/New_York], close price: 279.640000, open price: 279.660100, low price: 279.611100, high price: 279.700000, volume: 27366.000000}
{end time: 2019-12-19T12:28-05:00[America/New_York], close price: 279.605000, open price: 279.640000, low price: 279.550000, high price: 279.650000, volume: 47047.000000}
{end time: 2019-12-19T12:29-05:00[America/New_York], close price: 279.580000, open price: 279.600000, low price: 279.540000, high price: 279.600000, volume: 18452.000000}
{end time: 2019-12-19T12:30-05:00[America/New_York], close price: 279.580000, open price: 279.570000, low price: 279.540000, high price: 279.580000, volume: 20398.000000}
{end time: 2019-12-19T12:31-05:00[America/New_York], close price: 279.552000, open price: 279.579900, low price: 279.520000, high price: 279.580000, volume: 27771.000000}
{end time: 2019-12-19T12:32-05:00[America/New_York], close price: 279.490000, open price: 279.550000, low price: 279.480000, high price: 279.560000, volume: 55924.000000}
{end time: 2019-12-19T12:33-05:00[America/New_York], close price: 279.540200, open price: 279.510000, low price: 279.480200, high price: 279.570000, volume: 31470.000000}
{end time: 2019-12-19T12:34-05:00[America/New_York], close price: 279.520500, open price: 279.540100, low price: 279.500000, high price: 279.542200, volume: 20894.000000}
{end time: 2019-12-19T12:35-05:00[America/New_York], close price: 279.490000, open price: 279.512000, low price: 279.460000, high price: 279.515000, volume: 38467.000000}
{end time: 2019-12-19T12:36-05:00[America/New_York], close price: 279.480000, open price: 279.480000, low price: 279.480000, high price: 279.550000, volume: 28732.000000}
{end time: 2019-12-19T12:37-05:00[America/New_York], close price: 279.464500, open price: 279.470000, low price: 279.410000, high price: 279.480000, volume: 30961.000000}
{end time: 2019-12-19T12:38-05:00[America/New_York], close price: 279.436100, open price: 279.460000, low price: 279.410600, high price: 279.490000, volume: 22490.000000}
{end time: 2019-12-19T12:39-05:00[America/New_York], close price: 279.466000, open price: 279.435600, low price: 279.430000, high price: 279.490000, volume: 14767.000000}
{end time: 2019-12-19T12:40-05:00[America/New_York], close price: 279.390000, open price: 279.460000, low price: 279.380000, high price: 279.460000, volume: 29400.000000}
{end time: 2019-12-19T12:41-05:00[America/New_York], close price: 279.370000, open price: 279.380000, low price: 279.300000, high price: 279.380000, volume: 39597.000000}
{end time: 2019-12-19T12:42-05:00[America/New_York], close price: 279.320000, open price: 279.355800, low price: 279.295000, high price: 279.355800, volume: 28177.000000}
{end time: 2019-12-19T12:43-05:00[America/New_York], close price: 279.210000, open price: 279.310000, low price: 279.200100, high price: 279.327000, volume: 47386.000000}
{end time: 2019-12-19T12:44-05:00[America/New_York], close price: 279.052100, open price: 279.210000, low price: 279.050000, high price: 279.211600, volume: 61704.000000}
{end time: 2019-12-19T12:45-05:00[America/New_York], close price: 279.120000, open price: 279.050000, low price: 278.980000, high price: 279.170000, volume: 134784.000000}
{end time: 2019-12-19T12:46-05:00[America/New_York], close price: 279.160000, open price: 279.119900, low price: 279.106400, high price: 279.190000, volume: 46686.000000}
{end time: 2019-12-19T12:47-05:00[America/New_York], close price: 279.110000, open price: 279.160000, low price: 279.070000, high price: 279.190000, volume: 29266.000000}
{end time: 2019-12-19T12:48-05:00[America/New_York], close price: 279.040000, open price: 279.101500, low price: 279.040000, high price: 279.120000, volume: 28372.000000}
{end time: 2019-12-19T12:49-05:00[America/New_York], close price: 279.035300, open price: 279.030000, low price: 279.010000, high price: 279.042000, volume: 23191.000000}
{end time: 2019-12-19T12:50-05:00[America/New_York], close price: 279.050000, open price: 279.030000, low price: 279.010000, high price: 279.120000, volume: 53416.000000}
{end time: 2019-12-19T12:51-05:00[America/New_York], close price: 279.110000, open price: 279.049500, low price: 279.040000, high price: 279.118500, volume: 23782.000000}
{end time: 2019-12-19T12:52-05:00[America/New_York], close price: 279.190000, open price: 279.100100, low price: 279.100100, high price: 279.250000, volume: 44794.000000}
{end time: 2019-12-19T12:53-05:00[America/New_York], close price: 279.310000, open price: 279.185000, low price: 279.180000, high price: 279.310000, volume: 30225.000000}
{end time: 2019-12-19T12:54-05:00[America/New_York], close price: 279.311400, open price: 279.303100, low price: 279.240700, high price: 279.320000, volume: 22609.000000}
{end time: 2019-12-19T12:55-05:00[America/New_York], close price: 279.350000, open price: 279.310000, low price: 279.310000, high price: 279.400000, volume: 29218.000000}
{end time: 2019-12-19T12:56-05:00[America/New_York], close price: 279.520000, open price: 279.351100, low price: 279.351100, high price: 279.520000, volume: 53600.000000}
{end time: 2019-12-19T12:57-05:00[America/New_York], close price: 279.433900, open price: 279.501000, low price: 279.410000, high price: 279.513100, volume: 29274.000000}
{end time: 2019-12-19T12:58-05:00[America/New_York], close price: 279.471400, open price: 279.449900, low price: 279.443500, high price: 279.490000, volume: 16304.000000}
{end time: 2019-12-19T12:59-05:00[America/New_York], close price: 279.475000, open price: 279.460000, low price: 279.450000, high price: 279.480000, volume: 20169.000000}
{end time: 2019-12-19T13:00-05:00[America/New_York], close price: 279.340000, open price: 279.480000, low price: 279.340000, high price: 279.504300, volume: 39354.000000}
{end time: 2019-12-19T13:01-05:00[America/New_York], close price: 279.349900, open price: 279.350500, low price: 279.280000, high price: 279.370500, volume: 35036.000000}
{end time: 2019-12-19T13:02-05:00[America/New_York], close price: 279.315000, open price: 279.350000, low price: 279.280700, high price: 279.379900, volume: 19826.000000}
{end time: 2019-12-19T13:03-05:00[America/New_York], close price: 279.230000, open price: 279.310000, low price: 279.175300, high price: 279.318400, volume: 40099.000000}
{end time: 2019-12-19T13:04-05:00[America/New_York], close price: 279.264200, open price: 279.216800, low price: 279.205000, high price: 279.300000, volume: 23209.000000}
{end time: 2019-12-19T13:05-05:00[America/New_York], close price: 279.310000, open price: 279.260000, low price: 279.250000, high price: 279.380000, volume: 29786.000000}
{end time: 2019-12-19T13:06-05:00[America/New_York], close price: 279.199900, open price: 279.326500, low price: 279.189900, high price: 279.338600, volume: 29249.000000}
{end time: 2019-12-19T13:07-05:00[America/New_York], close price: 279.270000, open price: 279.190000, low price: 279.180000, high price: 279.280000, volume: 17402.000000}
{end time: 2019-12-19T13:08-05:00[America/New_York], close price: 279.350000, open price: 279.260000, low price: 279.260000, high price: 279.350000, volume: 17937.000000}
{end time: 2019-12-19T13:09-05:00[America/New_York], close price: 279.400100, open price: 279.345000, low price: 279.320000, high price: 279.409600, volume: 20955.000000}
{end time: 2019-12-19T13:10-05:00[America/New_York], close price: 279.359900, open price: 279.398800, low price: 279.310000, high price: 279.420000, volume: 28229.000000}
{end time: 2019-12-19T13:11-05:00[America/New_York], close price: 279.345000, open price: 279.350000, low price: 279.340000, high price: 279.380000, volume: 13262.000000}
{end time: 2019-12-19T13:12-05:00[America/New_York], close price: 279.400000, open price: 279.349100, low price: 279.330000, high price: 279.420000, volume: 21944.000000}
{end time: 2019-12-19T13:13-05:00[America/New_York], close price: 279.555000, open price: 279.420000, low price: 279.418000, high price: 279.590000, volume: 48190.000000}
{end time: 2019-12-19T13:14-05:00[America/New_York], close price: 279.574700, open price: 279.560000, low price: 279.560000, high price: 279.600000, volume: 26266.000000}
{end time: 2019-12-19T13:15-05:00[America/New_York], close price: 279.650000, open price: 279.580000, low price: 279.570000, high price: 279.730000, volume: 54387.000000}
{end time: 2019-12-19T13:16-05:00[America/New_York], close price: 279.760000, open price: 279.651700, low price: 279.650000, high price: 279.770000, volume: 36944.000000}
{end time: 2019-12-19T13:17-05:00[America/New_York], close price: 279.760000, open price: 279.765900, low price: 279.720000, high price: 279.781900, volume: 22757.000000}
{end time: 2019-12-19T13:18-05:00[America/New_York], close price: 279.755000, open price: 279.780000, low price: 279.743800, high price: 279.780000, volume: 16937.000000}
{end time: 2019-12-19T13:19-05:00[America/New_York], close price: 279.709400, open price: 279.750000, low price: 279.630000, high price: 279.750000, volume: 36792.000000}
{end time: 2019-12-19T13:20-05:00[America/New_York], close price: 279.604200, open price: 279.720000, low price: 279.585000, high price: 279.720000, volume: 20570.000000}
{end time: 2019-12-19T13:21-05:00[America/New_York], close price: 279.617700, open price: 279.602200, low price: 279.590000, high price: 279.650000, volume: 18305.000000}
{end time: 2019-12-19T13:22-05:00[America/New_York], close price: 279.480100, open price: 279.615000, low price: 279.480000, high price: 279.630000, volume: 43764.000000}
{end time: 2019-12-19T13:23-05:00[America/New_York], close price: 279.405200, open price: 279.490000, low price: 279.400000, high price: 279.500000, volume: 39927.000000}
{end time: 2019-12-19T13:24-05:00[America/New_York], close price: 279.409200, open price: 279.400000, low price: 279.360000, high price: 279.410000, volume: 23962.000000}
{end time: 2019-12-19T13:25-05:00[America/New_York], close price: 279.475200, open price: 279.400000, low price: 279.398500, high price: 279.480000, volume: 18529.000000}
{end time: 2019-12-19T13:26-05:00[America/New_York], close price: 279.416800, open price: 279.479900, low price: 279.410000, high price: 279.480000, volume: 10632.000000}
{end time: 2019-12-19T13:27-05:00[America/New_York], close price: 279.370000, open price: 279.410000, low price: 279.370000, high price: 279.430000, volume: 23262.000000}
{end time: 2019-12-19T13:28-05:00[America/New_York], close price: 279.417300, open price: 279.370000, low price: 279.370000, high price: 279.430000, volume: 12194.000000}
{end time: 2019-12-19T13:29-05:00[America/New_York], close price: 279.312400, open price: 279.415300, low price: 279.270000, high price: 279.420000, volume: 24873.000000}
{end time: 2019-12-19T13:30-05:00[America/New_York], close price: 279.277200, open price: 279.310000, low price: 279.210000, high price: 279.310000, volume: 24650.000000}
{end time: 2019-12-19T13:31-05:00[America/New_York], close price: 279.220000, open price: 279.280000, low price: 279.140000, high price: 279.307200, volume: 41411.000000}
{end time: 2019-12-19T13:32-05:00[America/New_York], close price: 279.250000, open price: 279.220000, low price: 279.131900, high price: 279.250000, volume: 24968.000000}
{end time: 2019-12-19T13:33-05:00[America/New_York], close price: 279.267000, open price: 279.253400, low price: 279.226900, high price: 279.334300, volume: 48095.000000}
{end time: 2019-12-19T13:34-05:00[America/New_York], close price: 279.330700, open price: 279.260000, low price: 279.200000, high price: 279.330700, volume: 26140.000000}
{end time: 2019-12-19T13:35-05:00[America/New_York], close price: 279.340000, open price: 279.320000, low price: 279.240000, high price: 279.360000, volume: 42222.000000}
{end time: 2019-12-19T13:36-05:00[America/New_York], close price: 279.440000, open price: 279.324700, low price: 279.324700, high price: 279.489900, volume: 40311.000000}
{end time: 2019-12-19T13:37-05:00[America/New_York], close price: 279.505000, open price: 279.438400, low price: 279.420000, high price: 279.550000, volume: 33190.000000}
{end time: 2019-12-19T13:38-05:00[America/New_York], close price: 279.500000, open price: 279.500000, low price: 279.480000, high price: 279.585800, volume: 43179.000000}
{end time: 2019-12-19T13:39-05:00[America/New_York], close price: 279.529300, open price: 279.500000, low price: 279.490000, high price: 279.540000, volume: 13702.000000}
{end time: 2019-12-19T13:40-05:00[America/New_York], close price: 279.580000, open price: 279.530000, low price: 279.505000, high price: 279.610000, volume: 22689.000000}
{end time: 2019-12-19T13:41-05:00[America/New_York], close price: 279.400000, open price: 279.566800, low price: 279.390000, high price: 279.566800, volume: 45032.000000}
{end time: 2019-12-19T13:42-05:00[America/New_York], close price: 279.261600, open price: 279.395000, low price: 279.240000, high price: 279.395000, volume: 51624.000000}
{end time: 2019-12-19T13:43-05:00[America/New_York], close price: 279.249000, open price: 279.260000, low price: 279.200000, high price: 279.276600, volume: 29659.000000}
{end time: 2019-12-19T13:44-05:00[America/New_York], close price: 279.270400, open price: 279.240000, low price: 279.201900, high price: 279.290000, volume: 28503.000000}
{end time: 2019-12-19T13:45-05:00[America/New_York], close price: 279.315500, open price: 279.270000, low price: 279.230300, high price: 279.330000, volume: 23557.000000}
{end time: 2019-12-19T13:46-05:00[America/New_York], close price: 279.305000, open price: 279.320000, low price: 279.260000, high price: 279.330000, volume: 16299.000000}
{end time: 2019-12-19T13:47-05:00[America/New_York], close price: 279.350000, open price: 279.290000, low price: 279.290000, high price: 279.400000, volume: 20642.000000}
{end time: 2019-12-19T13:48-05:00[America/New_York], close price: 279.230000, open price: 279.360000, low price: 279.210000, high price: 279.360000, volume: 28841.000000}
{end time: 2019-12-19T13:49-05:00[America/New_York], close price: 279.254200, open price: 279.220100, low price: 279.190000, high price: 279.270100, volume: 30502.000000}
{end time: 2019-12-19T13:50-05:00[America/New_York], close price: 279.215000, open price: 279.250000, low price: 279.210000, high price: 279.260000, volume: 16846.000000}
{end time: 2019-12-19T13:51-05:00[America/New_York], close price: 279.190000, open price: 279.210000, low price: 279.160000, high price: 279.220000, volume: 26796.000000}
{end time: 2019-12-19T13:52-05:00[America/New_York], close price: 279.220000, open price: 279.190800, low price: 279.170000, high price: 279.229800, volume: 24427.000000}
{end time: 2019-12-19T13:53-05:00[America/New_York], close price: 279.151700, open price: 279.190000, low price: 279.146700, high price: 279.210000, volume: 17374.000000}
{end time: 2019-12-19T13:54-05:00[America/New_York], close price: 279.200000, open price: 279.146900, low price: 279.100000, high price: 279.200000, volume: 24032.000000}
{end time: 2019-12-19T13:55-05:00[America/New_York], close price: 279.159000, open price: 279.190000, low price: 279.159000, high price: 279.250000, volume: 21075.000000}
{end time: 2019-12-19T13:56-05:00[America/New_York], close price: 279.088800, open price: 279.160000, low price: 279.080000, high price: 279.180000, volume: 41309.000000}
{end time: 2019-12-19T13:57-05:00[America/New_York], close price: 279.120000, open price: 279.080000, low price: 279.080000, high price: 279.161500, volume: 26261.000000}
{end time: 2019-12-19T13:58-05:00[America/New_York], close price: 279.065000, open price: 279.120000, low price: 279.060000, high price: 279.120000, volume: 27208.000000}
{end time: 2019-12-19T13:59-05:00[America/New_York], close price: 279.095000, open price: 279.065000, low price: 279.065000, high price: 279.140000, volume: 29477.000000}
{end time: 2019-12-19T14:00-05:00[America/New_York], close price: 279.025000, open price: 279.095600, low price: 279.020000, high price: 279.095800, volume: 124194.000000}
{end time: 2019-12-19T14:01-05:00[America/New_York], close price: 279.105000, open price: 279.030000, low price: 279.020000, high price: 279.179900, volume: 33065.000000}
{end time: 2019-12-19T14:02-05:00[America/New_York], close price: 279.040000, open price: 279.105000, low price: 279.025000, high price: 279.105000, volume: 29508.000000}
{end time: 2019-12-19T14:03-05:00[America/New_York], close price: 279.030000, open price: 279.040000, low price: 279.010000, high price: 279.050000, volume: 25818.000000}
{end time: 2019-12-19T14:04-05:00[America/New_York], close price: 279.030000, open price: 279.039900, low price: 278.950000, high price: 279.059500, volume: 124915.000000}
{end time: 2019-12-19T14:05-05:00[America/New_York], close price: 279.135000, open price: 279.030000, low price: 279.020000, high price: 279.160000, volume: 65640.000000}
{end time: 2019-12-19T14:06-05:00[America/New_York], close price: 279.240000, open price: 279.140000, low price: 279.100000, high price: 279.240000, volume: 27222.000000}
{end time: 2019-12-19T14:07-05:00[America/New_York], close price: 279.265000, open price: 279.230300, low price: 279.230000, high price: 279.270000, volume: 35167.000000}
{end time: 2019-12-19T14:08-05:00[America/New_York], close price: 279.250000, open price: 279.269900, low price: 279.240000, high price: 279.300000, volume: 25571.000000}
{end time: 2019-12-19T14:09-05:00[America/New_York], close price: 279.230000, open price: 279.250000, low price: 279.170000, high price: 279.260000, volume: 34513.000000}
{end time: 2019-12-19T14:10-05:00[America/New_York], close price: 279.289800, open price: 279.220000, low price: 279.210000, high price: 279.340000, volume: 37288.000000}
{end time: 2019-12-19T14:11-05:00[America/New_York], close price: 279.327200, open price: 279.285000, low price: 279.240000, high price: 279.360000, volume: 41318.000000}
{end time: 2019-12-19T14:12-05:00[America/New_York], close price: 279.320000, open price: 279.330000, low price: 279.280000, high price: 279.360000, volume: 29901.000000}
{end time: 2019-12-19T14:13-05:00[America/New_York], close price: 279.350000, open price: 279.324200, low price: 279.310000, high price: 279.380000, volume: 19842.000000}
{end time: 2019-12-19T14:14-05:00[America/New_York], close price: 279.340000, open price: 279.344200, low price: 279.340000, high price: 279.400000, volume: 32641.000000}
{end time: 2019-12-19T14:15-05:00[America/New_York], close price: 279.310000, open price: 279.350000, low price: 279.310000, high price: 279.399000, volume: 25863.000000}
{end time: 2019-12-19T14:16-05:00[America/New_York], close price: 279.305000, open price: 279.312000, low price: 279.300000, high price: 279.349900, volume: 12803.000000}
{end time: 2019-12-19T14:17-05:00[America/New_York], close price: 279.310100, open price: 279.300100, low price: 279.280200, high price: 279.320000, volume: 11455.000000}
{end time: 2019-12-19T14:18-05:00[America/New_York], close price: 279.320000, open price: 279.320000, low price: 279.313200, high price: 279.330000, volume: 8124.000000}
{end time: 2019-12-19T14:19-05:00[America/New_York], close price: 279.340000, open price: 279.325300, low price: 279.310000, high price: 279.370000, volume: 13905.000000}
{end time: 2019-12-19T14:20-05:00[America/New_York], close price: 279.450000, open price: 279.350000, low price: 279.340000, high price: 279.459900, volume: 22230.000000}
{end time: 2019-12-19T14:21-05:00[America/New_York], close price: 279.510000, open price: 279.452600, low price: 279.440300, high price: 279.539900, volume: 113904.000000}
{end time: 2019-12-19T14:22-05:00[America/New_York], close price: 279.640000, open price: 279.510000, low price: 279.490000, high price: 279.660000, volume: 47325.000000}
{end time: 2019-12-19T14:23-05:00[America/New_York], close price: 279.590000, open price: 279.630000, low price: 279.510000, high price: 279.680000, volume: 52995.000000}
{end time: 2019-12-19T14:24-05:00[America/New_York], close price: 279.628300, open price: 279.600000, low price: 279.570000, high price: 279.670000, volume: 23230.000000}
{end time: 2019-12-19T14:25-05:00[America/New_York], close price: 279.640000, open price: 279.620000, low price: 279.620000, high price: 279.660000, volume: 20830.000000}
{end time: 2019-12-19T14:26-05:00[America/New_York], close price: 279.610000, open price: 279.630000, low price: 279.550000, high price: 279.630100, volume: 34025.000000}
{end time: 2019-12-19T14:27-05:00[America/New_York], close price: 279.660000, open price: 279.590100, low price: 279.590000, high price: 279.740000, volume: 43663.000000}
{end time: 2019-12-19T14:28-05:00[America/New_York], close price: 279.680000, open price: 279.670600, low price: 279.650000, high price: 279.730000, volume: 17868.000000}
{end time: 2019-12-19T14:29-05:00[America/New_York], close price: 279.685500, open price: 279.680000, low price: 279.650000, high price: 279.709900, volume: 23184.000000}
{end time: 2019-12-19T14:30-05:00[America/New_York], close price: 279.730000, open price: 279.686500, low price: 279.654500, high price: 279.740000, volume: 24091.000000}
{end time: 2019-12-19T14:31-05:00[America/New_York], close price: 279.740000, open price: 279.730000, low price: 279.710000, high price: 279.740000, volume: 11830.000000}
{end time: 2019-12-19T14:32-05:00[America/New_York], close price: 279.690000, open price: 279.730000, low price: 279.640000, high price: 279.730000, volume: 22672.000000}
{end time: 2019-12-19T14:33-05:00[America/New_York], close price: 279.625000, open price: 279.693500, low price: 279.620000, high price: 279.740000, volume: 21155.000000}
{end time: 2019-12-19T14:34-05:00[America/New_York], close price: 279.740000, open price: 279.623500, low price: 279.610000, high price: 279.740000, volume: 35008.000000}
{end time: 2019-12-19T14:35-05:00[America/New_York], close price: 279.672000, open price: 279.740000, low price: 279.670000, high price: 279.750000, volume: 39920.000000}
{end time: 2019-12-19T14:36-05:00[America/New_York], close price: 279.680000, open price: 279.680000, low price: 279.660000, high price: 279.700000, volume: 15246.000000}
{end time: 2019-12-19T14:37-05:00[America/New_York], close price: 279.700000, open price: 279.670000, low price: 279.590000, high price: 279.700000, volume: 22781.000000}
{end time: 2019-12-19T14:38-05:00[America/New_York], close price: 279.710000, open price: 279.700000, low price: 279.697600, high price: 279.745500, volume: 21132.000000}
{end time: 2019-12-19T14:39-05:00[America/New_York], close price: 279.710000, open price: 279.705300, low price: 279.680000, high price: 279.740000, volume: 28916.000000}
{end time: 2019-12-19T14:40-05:00[America/New_York], close price: 279.690000, open price: 279.715000, low price: 279.660000, high price: 279.730000, volume: 34741.000000}
{end time: 2019-12-19T14:41-05:00[America/New_York], close price: 279.680200, open price: 279.693300, low price: 279.670000, high price: 279.730000, volume: 19415.000000}
{end time: 2019-12-19T14:42-05:00[America/New_York], close price: 279.855000, open price: 279.680000, low price: 279.677500, high price: 279.890000, volume: 82860.000000}
{end time: 2019-12-19T14:43-05:00[America/New_York], close price: 279.990000, open price: 279.850700, low price: 279.840000, high price: 279.990000, volume: 84562.000000}
{end time: 2019-12-19T14:44-05:00[America/New_York], close price: 279.973500, open price: 279.976100, low price: 279.903200, high price: 280.080000, volume: 127580.000000}
{end time: 2019-12-19T14:45-05:00[America/New_York], close price: 279.880000, open price: 279.993600, low price: 279.870000, high price: 279.993600, volume: 61407.000000}
{end time: 2019-12-19T14:46-05:00[America/New_York], close price: 279.730000, open price: 279.885000, low price: 279.690000, high price: 279.950000, volume: 69186.000000}
{end time: 2019-12-19T14:47-05:00[America/New_York], close price: 279.675200, open price: 279.710000, low price: 279.670000, high price: 279.789900, volume: 27844.000000}
{end time: 2019-12-19T14:48-05:00[America/New_York], close price: 279.442500, open price: 279.675000, low price: 279.440000, high price: 279.675000, volume: 71964.000000}
{end time: 2019-12-19T14:49-05:00[America/New_York], close price: 279.510000, open price: 279.460000, low price: 279.420000, high price: 279.540000, volume: 58092.000000}
{end time: 2019-12-19T14:50-05:00[America/New_York], close price: 279.595000, open price: 279.503400, low price: 279.503400, high price: 279.618500, volume: 24948.000000}
{end time: 2019-12-19T14:51-05:00[America/New_York], close price: 279.620000, open price: 279.593900, low price: 279.550000, high price: 279.625000, volume: 30794.000000}
{end time: 2019-12-19T14:52-05:00[America/New_York], close price: 279.590000, open price: 279.610000, low price: 279.550400, high price: 279.610000, volume: 19845.000000}
{end time: 2019-12-19T14:53-05:00[America/New_York], close price: 279.540000, open price: 279.584700, low price: 279.480000, high price: 279.590000, volume: 41046.000000}
{end time: 2019-12-19T14:54-05:00[America/New_York], close price: 279.529400, open price: 279.530000, low price: 279.500000, high price: 279.581300, volume: 32343.000000}
{end time: 2019-12-19T14:55-05:00[America/New_York], close price: 279.581800, open price: 279.520000, low price: 279.510000, high price: 279.600000, volume: 23215.000000}
{end time: 2019-12-19T14:56-05:00[America/New_York], close price: 279.700000, open price: 279.585000, low price: 279.570000, high price: 279.700000, volume: 33883.000000}
{end time: 2019-12-19T14:57-05:00[America/New_York], close price: 279.710000, open price: 279.700000, low price: 279.655000, high price: 279.730000, volume: 35990.000000}
{end time: 2019-12-19T14:58-05:00[America/New_York], close price: 279.735000, open price: 279.720000, low price: 279.700000, high price: 279.810000, volume: 53848.000000}
{end time: 2019-12-19T14:59-05:00[America/New_York], close price: 279.680000, open price: 279.730100, low price: 279.617300, high price: 279.735000, volume: 28219.000000}
{end time: 2019-12-19T15:00-05:00[America/New_York], close price: 279.708400, open price: 279.690000, low price: 279.650000, high price: 279.708400, volume: 26271.000000}
{end time: 2019-12-19T15:01-05:00[America/New_York], close price: 279.700000, open price: 279.705600, low price: 279.690000, high price: 279.770000, volume: 18983.000000}
{end time: 2019-12-19T15:02-05:00[America/New_York], close price: 279.675000, open price: 279.700000, low price: 279.670000, high price: 279.703100, volume: 15917.000000}
{end time: 2019-12-19T15:03-05:00[America/New_York], close price: 279.730000, open price: 279.670000, low price: 279.600000, high price: 279.769900, volume: 32212.000000}
{end time: 2019-12-19T15:04-05:00[America/New_York], close price: 279.690000, open price: 279.730000, low price: 279.690000, high price: 279.730000, volume: 24026.000000}
{end time: 2019-12-19T15:05-05:00[America/New_York], close price: 279.640000, open price: 279.700000, low price: 279.630100, high price: 279.720000, volume: 23263.000000}
{end time: 2019-12-19T15:06-05:00[America/New_York], close price: 279.675000, open price: 279.640000, low price: 279.636900, high price: 279.710000, volume: 15856.000000}
{end time: 2019-12-19T15:07-05:00[America/New_York], close price: 279.610000, open price: 279.670000, low price: 279.602000, high price: 279.680000, volume: 16640.000000}
{end time: 2019-12-19T15:08-05:00[America/New_York], close price: 279.580000, open price: 279.620000, low price: 279.550000, high price: 279.620000, volume: 24599.000000}
{end time: 2019-12-19T15:09-05:00[America/New_York], close price: 279.610600, open price: 279.570000, low price: 279.560000, high price: 279.630000, volume: 28875.000000}
{end time: 2019-12-19T15:10-05:00[America/New_York], close price: 279.650000, open price: 279.618800, low price: 279.590000, high price: 279.680200, volume: 38667.000000}
{end time: 2019-12-19T15:11-05:00[America/New_York], close price: 279.620100, open price: 279.640300, low price: 279.600000, high price: 279.640300, volume: 19276.000000}
{end time: 2019-12-19T15:12-05:00[America/New_York], close price: 279.780000, open price: 279.630000, low price: 279.625000, high price: 279.800000, volume: 60763.000000}
{end time: 2019-12-19T15:13-05:00[America/New_York], close price: 279.750000, open price: 279.800000, low price: 279.740000, high price: 279.820000, volume: 25033.000000}
{end time: 2019-12-19T15:14-05:00[America/New_York], close price: 279.770000, open price: 279.755000, low price: 279.755000, high price: 279.821800, volume: 43832.000000}
{end time: 2019-12-19T15:15-05:00[America/New_York], close price: 279.620000, open price: 279.777900, low price: 279.610000, high price: 279.778000, volume: 41194.000000}
{end time: 2019-12-19T15:16-05:00[America/New_York], close price: 279.640700, open price: 279.610000, low price: 279.610000, high price: 279.670000, volume: 25195.000000}
{end time: 2019-12-19T15:17-05:00[America/New_York], close price: 279.620000, open price: 279.640100, low price: 279.600000, high price: 279.660000, volume: 21599.000000}
{end time: 2019-12-19T15:18-05:00[America/New_York], close price: 279.630100, open price: 279.620100, low price: 279.620100, high price: 279.650000, volume: 9868.000000}
{end time: 2019-12-19T15:19-05:00[America/New_York], close price: 279.710100, open price: 279.640000, low price: 279.630000, high price: 279.722600, volume: 27209.000000}
{end time: 2019-12-19T15:20-05:00[America/New_York], close price: 279.750000, open price: 279.715000, low price: 279.670000, high price: 279.750000, volume: 23591.000000}
{end time: 2019-12-19T15:21-05:00[America/New_York], close price: 279.710000, open price: 279.750000, low price: 279.705000, high price: 279.750000, volume: 24783.000000}
{end time: 2019-12-19T15:22-05:00[America/New_York], close price: 279.617000, open price: 279.714400, low price: 279.617000, high price: 279.730000, volume: 17349.000000}
{end time: 2019-12-19T15:23-05:00[America/New_York], close price: 279.509000, open price: 279.600000, low price: 279.509000, high price: 279.619900, volume: 33047.000000}
{end time: 2019-12-19T15:24-05:00[America/New_York], close price: 279.459900, open price: 279.510000, low price: 279.410000, high price: 279.520000, volume: 55032.000000}
{end time: 2019-12-19T15:25-05:00[America/New_York], close price: 279.390000, open price: 279.459900, low price: 279.300000, high price: 279.459900, volume: 60035.000000}
{end time: 2019-12-19T15:26-05:00[America/New_York], close price: 279.429900, open price: 279.380000, low price: 279.370000, high price: 279.450000, volume: 25052.000000}
{end time: 2019-12-19T15:27-05:00[America/New_York], close price: 279.560000, open price: 279.430000, low price: 279.430000, high price: 279.565000, volume: 38248.000000}
{end time: 2019-12-19T15:28-05:00[America/New_York], close price: 279.570000, open price: 279.552100, low price: 279.540000, high price: 279.580000, volume: 17215.000000}
{end time: 2019-12-19T15:29-05:00[America/New_York], close price: 279.529900, open price: 279.560000, low price: 279.510000, high price: 279.570000, volume: 19719.000000}
{end time: 2019-12-19T15:30-05:00[America/New_York], close price: 279.490000, open price: 279.510000, low price: 279.450000, high price: 279.550000, volume: 48142.000000}
{end time: 2019-12-19T15:31-05:00[America/New_York], close price: 279.580000, open price: 279.480000, low price: 279.465000, high price: 279.580000, volume: 23073.000000}
{end time: 2019-12-19T15:32-05:00[America/New_York], close price: 279.722700, open price: 279.580000, low price: 279.570000, high price: 279.729900, volume: 78602.000000}
{end time: 2019-12-19T15:33-05:00[America/New_York], close price: 279.650000, open price: 279.722200, low price: 279.630000, high price: 279.755000, volume: 50648.000000}
{end time: 2019-12-19T15:34-05:00[America/New_York], close price: 279.760000, open price: 279.640000, low price: 279.640000, high price: 279.760000, volume: 39461.000000}
{end time: 2019-12-19T15:35-05:00[America/New_York], close price: 279.780100, open price: 279.740000, low price: 279.740000, high price: 279.800000, volume: 51003.000000}
{end time: 2019-12-19T15:36-05:00[America/New_York], close price: 279.772400, open price: 279.780000, low price: 279.730000, high price: 279.790000, volume: 64455.000000}
{end time: 2019-12-19T15:37-05:00[America/New_York], close price: 279.742500, open price: 279.770000, low price: 279.720000, high price: 279.772100, volume: 33588.000000}
{end time: 2019-12-19T15:38-05:00[America/New_York], close price: 279.770000, open price: 279.740000, low price: 279.717900, high price: 279.780000, volume: 36967.000000}
{end time: 2019-12-19T15:39-05:00[America/New_York], close price: 279.780000, open price: 279.760000, low price: 279.750000, high price: 279.785000, volume: 46099.000000}
{end time: 2019-12-19T15:40-05:00[America/New_York], close price: 279.820000, open price: 279.770000, low price: 279.760000, high price: 279.820000, volume: 99119.000000}
{end time: 2019-12-19T15:41-05:00[America/New_York], close price: 279.850000, open price: 279.820100, low price: 279.800000, high price: 279.860000, volume: 40928.000000}
{end time: 2019-12-19T15:42-05:00[America/New_York], close price: 279.900000, open price: 279.840100, low price: 279.830000, high price: 279.920000, volume: 52795.000000}
{end time: 2019-12-19T15:43-05:00[America/New_York], close price: 279.940000, open price: 279.904200, low price: 279.880100, high price: 279.980000, volume: 85926.000000}
{end time: 2019-12-19T15:44-05:00[America/New_York], close price: 280.069500, open price: 279.950000, low price: 279.935000, high price: 280.090000, volume: 77040.000000}
{end time: 2019-12-19T15:45-05:00[America/New_York], close price: 280.040000, open price: 280.060000, low price: 280.020000, high price: 280.070000, volume: 76437.000000}
{end time: 2019-12-19T15:46-05:00[America/New_York], close price: 279.860100, open price: 280.034100, low price: 279.860000, high price: 280.050000, volume: 62954.000000}
{end time: 2019-12-19T15:47-05:00[America/New_York], close price: 279.882200, open price: 279.860000, low price: 279.830000, high price: 279.930000, volume: 82247.000000}
{end time: 2019-12-19T15:48-05:00[America/New_York], close price: 279.900000, open price: 279.885000, low price: 279.870000, high price: 279.920000, volume: 38270.000000}
{end time: 2019-12-19T15:49-05:00[America/New_York], close price: 279.840000, open price: 279.911300, low price: 279.790000, high price: 279.920000, volume: 56356.000000}
{end time: 2019-12-19T15:50-05:00[America/New_York], close price: 279.855000, open price: 279.850000, low price: 279.640000, high price: 279.890000, volume: 200921.000000}
{end time: 2019-12-19T15:51-05:00[America/New_York], close price: 279.780000, open price: 279.850000, low price: 279.750000, high price: 279.860000, volume: 63501.000000}
{end time: 2019-12-19T15:52-05:00[America/New_York], close price: 279.850000, open price: 279.800000, low price: 279.790000, high price: 279.860000, volume: 71643.000000}
{end time: 2019-12-19T15:53-05:00[America/New_York], close price: 279.810000, open price: 279.840000, low price: 279.770000, high price: 279.860000, volume: 87299.000000}
{end time: 2019-12-19T15:54-05:00[America/New_York], close price: 279.850000, open price: 279.800000, low price: 279.770000, high price: 279.910000, volume: 131463.000000}
{end time: 2019-12-19T15:55-05:00[America/New_York], close price: 279.855000, open price: 279.850000, low price: 279.820000, high price: 279.890000, volume: 88854.000000}
{end time: 2019-12-19T15:56-05:00[America/New_York], close price: 279.824700, open price: 279.855000, low price: 279.800000, high price: 279.890000, volume: 86862.000000}
{end time: 2019-12-19T15:57-05:00[America/New_York], close price: 279.900000, open price: 279.830000, low price: 279.800000, high price: 279.910000, volume: 119890.000000}
{end time: 2019-12-19T15:58-05:00[America/New_York], close price: 279.910000, open price: 279.900000, low price: 279.870000, high price: 279.910000, volume: 146984.000000}
{end time: 2019-12-19T15:59-05:00[America/New_York], close price: 280.030000, open price: 279.910000, low price: 279.890000, high price: 280.100000, volume: 327894.000000}
{end time: 2019-12-19T16:00-05:00[America/New_York], close price: 280.030000, open price: 280.020000, low price: 280.020000, high price: 280.030000, volume: 385327.000000}
{end time: 2019-12-19T16:01-05:00[America/New_York], close price: 279.970000, open price: 280.030000, low price: 279.970000, high price: 280.030000, volume: 6339.000000}
{end time: 2019-12-19T16:02-05:00[America/New_York], close price: 279.970000, open price: 279.970000, low price: 279.970000, high price: 279.980000, volume: 1904.000000}
{end time: 2019-12-19T16:03-05:00[America/New_York], close price: 280.040000, open price: 279.980000, low price: 279.980000, high price: 280.040000, volume: 1419.000000}
{end time: 2019-12-19T16:04-05:00[America/New_York], close price: 280.050000, open price: 279.950000, low price: 279.910000, high price: 280.050000, volume: 12345.000000}
{end time: 2019-12-19T16:05-05:00[America/New_York], close price: 280.000000, open price: 279.614000, low price: 279.614000, high price: 280.020000, volume: 6315.000000}
{end time: 2019-12-19T16:06-05:00[America/New_York], close price: 280.060000, open price: 280.000000, low price: 280.000000, high price: 280.060000, volume: 1696.000000}
{end time: 2019-12-19T16:07-05:00[America/New_York], close price: 279.865500, open price: 279.865500, low price: 279.865500, high price: 279.865500, volume: 19214.000000}
{end time: 2019-12-19T16:08-05:00[America/New_York], close price: 280.050000, open price: 280.070000, low price: 280.050000, high price: 280.070000, volume: 570.000000}
{end time: 2019-12-19T16:09-05:00[America/New_York], close price: 280.150000, open price: 280.070000, low price: 280.070000, high price: 280.150000, volume: 7132.000000}
{end time: 2019-12-19T16:10-05:00[America/New_York], close price: 280.190000, open price: 280.150000, low price: 280.150000, high price: 280.200000, volume: 2872.000000}
{end time: 2019-12-19T16:11-05:00[America/New_York], close price: 280.150000, open price: 280.100000, low price: 280.100000, high price: 280.150000, volume: 489.000000}
{end time: 2019-12-19T16:15-05:00[America/New_York], close price: 280.060000, open price: 280.110000, low price: 280.060000, high price: 280.180000, volume: 7535.000000}
{end time: 2019-12-19T16:21-05:00[America/New_York], close price: 280.060000, open price: 280.060000, low price: 280.060000, high price: 280.060000, volume: 395.000000}
{end time: 2019-12-19T16:22-05:00[America/New_York], close price: 280.070000, open price: 280.070000, low price: 280.070000, high price: 280.070000, volume: 261.000000}
{end time: 2019-12-19T16:24-05:00[America/New_York], close price: 280.050000, open price: 280.130000, low price: 280.050000, high price: 280.250000, volume: 3901.000000}
{end time: 2019-12-19T16:25-05:00[America/New_York], close price: 280.050000, open price: 280.050000, low price: 280.050000, high price: 280.050000, volume: 176.000000}
{end time: 2019-12-19T16:26-05:00[America/New_York], close price: 280.050000, open price: 280.050000, low price: 280.050000, high price: 280.050000, volume: 364.000000}
{end time: 2019-12-19T16:27-05:00[America/New_York], close price: 280.020000, open price: 280.050000, low price: 280.020000, high price: 280.050000, volume: 1175419.000000}
{end time: 2019-12-19T16:28-05:00[America/New_York], close price: 280.070000, open price: 280.070000, low price: 280.070000, high price: 280.070000, volume: 597.000000}
{end time: 2019-12-19T16:29-05:00[America/New_York], close price: 280.100000, open price: 280.100000, low price: 280.100000, high price: 280.100000, volume: 137.000000}
{end time: 2019-12-19T16:30-05:00[America/New_York], close price: 280.090000, open price: 280.090000, low price: 280.090000, high price: 280.090000, volume: 500.000000}
{end time: 2019-12-19T16:32-05:00[America/New_York], close price: 280.150000, open price: 280.150000, low price: 280.150000, high price: 280.150000, volume: 4354.000000}
{end time: 2019-12-19T16:33-05:00[America/New_York], close price: 280.180000, open price: 280.180000, low price: 280.180000, high price: 280.180000, volume: 101.000000}
{end time: 2019-12-19T16:34-05:00[America/New_York], close price: 280.180000, open price: 280.180000, low price: 280.180000, high price: 280.180000, volume: 262.000000}
{end time: 2019-12-19T16:35-05:00[America/New_York], close price: 280.200000, open price: 280.190000, low price: 280.190000, high price: 280.200000, volume: 1572.000000}
{end time: 2019-12-19T16:36-05:00[America/New_York], close price: 280.220000, open price: 280.220000, low price: 280.220000, high price: 280.220000, volume: 872.000000}
{end time: 2019-12-19T16:39-05:00[America/New_York], close price: 280.160000, open price: 280.160100, low price: 280.160000, high price: 280.160100, volume: 544.000000}
{end time: 2019-12-19T16:40-05:00[America/New_York], close price: 280.230000, open price: 280.230000, low price: 280.230000, high price: 280.230000, volume: 3737.000000}
{end time: 2019-12-19T16:44-05:00[America/New_York], close price: 280.180000, open price: 280.190000, low price: 280.180000, high price: 280.190000, volume: 737.000000}
{end time: 2019-12-19T16:45-05:00[America/New_York], close price: 280.170000, open price: 280.170000, low price: 280.170000, high price: 280.170000, volume: 100.000000}
{end time: 2019-12-19T16:48-05:00[America/New_York], close price: 280.110000, open price: 280.110000, low price: 280.110000, high price: 280.110000, volume: 170.000000}
{end time: 2019-12-19T16:50-05:00[America/New_York], close price: 280.150000, open price: 280.150000, low price: 280.150000, high price: 280.150000, volume: 262.000000}
{end time: 2019-12-19T16:53-05:00[America/New_York], close price: 280.110000, open price: 280.110000, low price: 280.110000, high price: 280.110000, volume: 205.000000}
{end time: 2019-12-19T16:55-05:00[America/New_York], close price: 280.150000, open price: 280.150000, low price: 280.150000, high price: 280.150000, volume: 364899.000000}
{end time: 2019-12-19T16:57-05:00[America/New_York], close price: 280.150000, open price: 280.150000, low price: 280.150000, high price: 280.150000, volume: 256.000000}
{end time: 2019-12-19T16:58-05:00[America/New_York], close price: 280.020000, open price: 280.020000, low price: 280.020000, high price: 280.020000, volume: 297214.000000}
{end time: 2019-12-19T16:59-05:00[America/New_York], close price: 280.180000, open price: 280.180000, low price: 280.180000, high price: 280.180000, volume: 1307.000000}
{end time: 2019-12-19T17:01-05:00[America/New_York], close price: 280.180000, open price: 280.180000, low price: 280.180000, high price: 280.180000, volume: 101.000000}
{end time: 2019-12-19T17:03-05:00[America/New_York], close price: 280.150000, open price: 280.160000, low price: 280.150000, high price: 280.160000, volume: 34146.000000}
{end time: 2019-12-19T17:10-05:00[America/New_York], close price: 280.020000, open price: 280.120000, low price: 280.020000, high price: 280.120000, volume: 88210.000000}
{end time: 2019-12-19T17:13-05:00[America/New_York], close price: 280.110000, open price: 280.110000, low price: 280.110000, high price: 280.110000, volume: 101.000000}
{end time: 2019-12-19T17:20-05:00[America/New_York], close price: 280.110100, open price: 280.110100, low price: 280.110100, high price: 280.110100, volume: 180.000000}
{end time: 2019-12-19T17:21-05:00[America/New_York], close price: 280.110000, open price: 280.110000, low price: 280.110000, high price: 280.110000, volume: 200.000000}
{end time: 2019-12-19T17:22-05:00[America/New_York], close price: 280.110000, open price: 280.110000, low price: 280.110000, high price: 280.110000, volume: 1240.000000}
{end time: 2019-12-19T17:33-05:00[America/New_York], close price: 280.180000, open price: 280.180000, low price: 280.180000, high price: 280.180000, volume: 1102.000000}
{end time: 2019-12-19T17:38-05:00[America/New_York], close price: 280.150000, open price: 280.150000, low price: 280.150000, high price: 280.150000, volume: 117.000000}
{end time: 2019-12-19T17:40-05:00[America/New_York], close price: 280.170000, open price: 280.170000, low price: 280.170000, high price: 280.170000, volume: 641.000000}
{end time: 2019-12-19T17:42-05:00[America/New_York], close price: 280.130000, open price: 280.130000, low price: 280.130000, high price: 280.130000, volume: 165.000000}
{end time: 2019-12-19T17:44-05:00[America/New_York], close price: 280.150000, open price: 280.150000, low price: 280.150000, high price: 280.150000, volume: 100.000000}
{end time: 2019-12-19T17:50-05:00[America/New_York], close price: 280.170000, open price: 280.170000, low price: 280.170000, high price: 280.170000, volume: 215.000000}
{end time: 2019-12-19T17:51-05:00[America/New_York], close price: 280.170000, open price: 280.170000, low price: 280.170000, high price: 280.170000, volume: 345.000000}
{end time: 2019-12-19T18:09-05:00[America/New_York], close price: 280.150000, open price: 280.150000, low price: 280.150000, high price: 280.150000, volume: 400.000000}
{end time: 2019-12-19T18:10-05:00[America/New_York], close price: 280.110000, open price: 280.110000, low price: 280.110000, high price: 280.110000, volume: 325.000000}
{end time: 2019-12-19T18:12-05:00[America/New_York], close price: 280.150000, open price: 280.150000, low price: 280.150000, high price: 280.150000, volume: 300.000000}
{end time: 2019-12-19T18:14-05:00[America/New_York], close price: 280.170000, open price: 280.170000, low price: 280.170000, high price: 280.170000, volume: 216.000000}
{end time: 2019-12-19T18:15-05:00[America/New_York], close price: 280.170000, open price: 280.170000, low price: 280.170000, high price: 280.170000, volume: 690.000000}
{end time: 2019-12-19T18:17-05:00[America/New_York], close price: 280.170000, open price: 280.170000, low price: 280.170000, high price: 280.170000, volume: 301.000000}
{end time: 2019-12-19T18:20-05:00[America/New_York], close price: 280.180000, open price: 280.180000, low price: 280.180000, high price: 280.190000, volume: 800.000000}
{end time: 2019-12-19T18:23-05:00[America/New_York], close price: 280.180000, open price: 280.180000, low price: 280.180000, high price: 280.180000, volume: 101.000000}
{end time: 2019-12-19T18:27-05:00[America/New_York], close price: 280.180000, open price: 280.180000, low price: 280.180000, high price: 280.180000, volume: 100.000000}
{end time: 2019-12-19T18:31-05:00[America/New_York], close price: 280.180000, open price: 280.180000, low price: 280.180000, high price: 280.180000, volume: 141.000000}
{end time: 2019-12-19T18:42-05:00[America/New_York], close price: 280.160000, open price: 280.160000, low price: 280.160000, high price: 280.160000, volume: 145.000000}
{end time: 2019-12-19T18:48-05:00[America/New_York], close price: 280.160000, open price: 280.160000, low price: 280.160000, high price: 280.160000, volume: 786.000000}
{end time: 2019-12-19T18:49-05:00[America/New_York], close price: 280.150000, open price: 280.150000, low price: 280.150000, high price: 280.150000, volume: 250.000000}
{end time: 2019-12-19T18:53-05:00[America/New_York], close price: 280.160000, open price: 280.100000, low price: 280.100000, high price: 280.160000, volume: 19499.000000}
{end time: 2019-12-19T19:02-05:00[America/New_York], close price: 280.110000, open price: 280.110000, low price: 280.110000, high price: 280.110000, volume: 290.000000}
{end time: 2019-12-19T19:04-05:00[America/New_York], close price: 280.180000, open price: 280.180000, low price: 280.180000, high price: 280.180000, volume: 200.000000}
{end time: 2019-12-19T19:06-05:00[America/New_York], close price: 280.180000, open price: 280.180000, low price: 280.180000, high price: 280.180000, volume: 1227.000000}
{end time: 2019-12-19T19:12-05:00[America/New_York], close price: 280.150000, open price: 280.150000, low price: 280.150000, high price: 280.150000, volume: 420.000000}
{end time: 2019-12-19T19:20-05:00[America/New_York], close price: 280.180000, open price: 280.180000, low price: 280.180000, high price: 280.180000, volume: 300.000000}
{end time: 2019-12-19T19:21-05:00[America/New_York], close price: 280.180000, open price: 280.180000, low price: 280.180000, high price: 280.180000, volume: 164.000000}
{end time: 2019-12-19T19:29-05:00[America/New_York], close price: 280.180000, open price: 280.180000, low price: 280.180000, high price: 280.180000, volume: 808.000000}
{end time: 2019-12-19T19:32-05:00[America/New_York], close price: 280.180000, open price: 280.180000, low price: 280.180000, high price: 280.180000, volume: 1221.000000}
{end time: 2019-12-19T19:34-05:00[America/New_York], close price: 280.200000, open price: 280.200000, low price: 280.200000, high price: 280.200000, volume: 203.000000}
{end time: 2019-12-19T19:45-05:00[America/New_York], close price: 280.240000, open price: 280.220000, low price: 280.220000, high price: 280.240000, volume: 2082.000000}
{end time: 2019-12-19T19:46-05:00[America/New_York], close price: 280.160000, open price: 280.160000, low price: 280.160000, high price: 280.160000, volume: 240.000000}
{end time: 2019-12-19T19:58-05:00[America/New_York], close price: 280.250000, open price: 280.200000, low price: 280.200000, high price: 280.250000, volume: 2445.000000}
{end time: 2019-12-19T19:59-05:00[America/New_York], close price: 280.240000, open price: 280.240000, low price: 280.240000, high price: 280.240000, volume: 1204.000000}
{end time: 2019-12-20T04:04-05:00[America/New_York], close price: 280.100000, open price: 280.100000, low price: 280.100000, high price: 280.100000, volume: 560.000000}
{end time: 2019-12-20T04:34-05:00[America/New_York], close price: 280.000000, open price: 280.020000, low price: 280.000000, high price: 280.020000, volume: 300.000000}
{end time: 2019-12-20T05:30-05:00[America/New_York], close price: 280.330000, open price: 280.330000, low price: 280.330000, high price: 280.330000, volume: 487.000000}
{end time: 2019-12-20T05:51-05:00[America/New_York], close price: 280.480000, open price: 280.480000, low price: 280.480000, high price: 280.480000, volume: 343.000000}
{end time: 2019-12-20T06:00-05:00[America/New_York], close price: 280.460000, open price: 280.460000, low price: 280.460000, high price: 280.460000, volume: 250.000000}
{end time: 2019-12-20T06:06-05:00[America/New_York], close price: 280.400000, open price: 280.400000, low price: 280.400000, high price: 280.400000, volume: 400.000000}
{end time: 2019-12-20T06:16-05:00[America/New_York], close price: 280.340000, open price: 280.340000, low price: 280.340000, high price: 280.340000, volume: 473.000000}
{end time: 2019-12-20T06:17-05:00[America/New_York], close price: 280.340000, open price: 280.340000, low price: 280.340000, high price: 280.340000, volume: 311.000000}
{end time: 2019-12-20T06:21-05:00[America/New_York], close price: 280.670000, open price: 280.670000, low price: 280.670000, high price: 280.670000, volume: 110.000000}
{end time: 2019-12-20T06:28-05:00[America/New_York], close price: 280.350000, open price: 280.350000, low price: 280.350000, high price: 280.350000, volume: 338.000000}
{end time: 2019-12-20T06:43-05:00[America/New_York], close price: 280.450000, open price: 280.450000, low price: 280.450000, high price: 280.450000, volume: 300.000000}
{end time: 2019-12-20T06:44-05:00[America/New_York], close price: 280.450000, open price: 280.450000, low price: 280.450000, high price: 280.450000, volume: 600.000000}
{end time: 2019-12-20T06:58-05:00[America/New_York], close price: 280.300000, open price: 280.400000, low price: 280.300000, high price: 280.400000, volume: 643.000000}
{end time: 2019-12-20T07:00-05:00[America/New_York], close price: 280.280000, open price: 280.300000, low price: 280.280000, high price: 280.300000, volume: 2107.000000}
{end time: 2019-12-20T07:01-05:00[America/New_York], close price: 280.280000, open price: 280.340000, low price: 280.280000, high price: 280.340000, volume: 875.000000}
{end time: 2019-12-20T07:02-05:00[America/New_York], close price: 280.300000, open price: 280.300000, low price: 280.300000, high price: 280.300000, volume: 125.000000}
{end time: 2019-12-20T07:03-05:00[America/New_York], close price: 280.330000, open price: 280.330000, low price: 280.330000, high price: 280.330000, volume: 329.000000}
{end time: 2019-12-20T07:04-05:00[America/New_York], close price: 280.300000, open price: 280.300000, low price: 280.300000, high price: 280.300000, volume: 1150.000000}
{end time: 2019-12-20T07:07-05:00[America/New_York], close price: 280.150000, open price: 280.230000, low price: 280.150000, high price: 280.230000, volume: 845.000000}
{end time: 2019-12-20T07:11-05:00[America/New_York], close price: 280.130000, open price: 280.130000, low price: 280.130000, high price: 280.130000, volume: 300.000000}
{end time: 2019-12-20T07:13-05:00[America/New_York], close price: 280.160000, open price: 280.260000, low price: 280.160000, high price: 280.280000, volume: 809.000000}
{end time: 2019-12-20T07:20-05:00[America/New_York], close price: 280.210000, open price: 280.210000, low price: 280.210000, high price: 280.210000, volume: 253.000000}
{end time: 2019-12-20T07:21-05:00[America/New_York], close price: 280.150000, open price: 280.200000, low price: 280.150000, high price: 280.200000, volume: 1587.000000}
{end time: 2019-12-20T07:26-05:00[America/New_York], close price: 280.170000, open price: 280.170000, low price: 280.170000, high price: 280.170000, volume: 500.000000}
{end time: 2019-12-20T07:28-05:00[America/New_York], close price: 280.250000, open price: 280.240000, low price: 280.240000, high price: 280.250000, volume: 300.000000}
{end time: 2019-12-20T07:30-05:00[America/New_York], close price: 280.240000, open price: 280.240000, low price: 280.240000, high price: 280.240000, volume: 222.000000}
{end time: 2019-12-20T07:31-05:00[America/New_York], close price: 280.220000, open price: 280.220000, low price: 280.220000, high price: 280.220000, volume: 477.000000}
{end time: 2019-12-20T07:33-05:00[America/New_York], close price: 280.220000, open price: 280.220000, low price: 280.220000, high price: 280.220000, volume: 294.000000}
{end time: 2019-12-20T07:35-05:00[America/New_York], close price: 280.280000, open price: 280.250000, low price: 280.250000, high price: 280.280000, volume: 1000.000000}
[...]
{end time: 2020-01-02T09:20-05:00[America/New_York], close price: 296.190000, open price: 296.320200, low price: 296.080000, high price: 296.320200, volume: 9501.000000}
{end time: 2020-01-02T09:21-05:00[America/New_York], close price: 296.150200, open price: 296.200000, low price: 296.100000, high price: 296.300000, volume: 5172.000000}
{end time: 2020-01-02T09:22-05:00[America/New_York], close price: 296.290000, open price: 296.230000, low price: 296.190000, high price: 296.290000, volume: 1984.000000}
{end time: 2020-01-02T09:23-05:00[America/New_York], close price: 296.200000, open price: 296.240000, low price: 296.190000, high price: 296.250000, volume: 2048.000000}
{end time: 2020-01-02T09:24-05:00[America/New_York], close price: 296.100000, open price: 296.220000, low price: 296.100000, high price: 296.220000, volume: 3799.000000}
{end time: 2020-01-02T09:25-05:00[America/New_York], close price: 296.080000, open price: 296.150000, low price: 296.000000, high price: 296.150000, volume: 9035.000000}
{end time: 2020-01-02T09:26-05:00[America/New_York], close price: 296.180000, open price: 296.080000, low price: 296.070000, high price: 296.180000, volume: 3162.000000}
{end time: 2020-01-02T09:27-05:00[America/New_York], close price: 296.010000, open price: 296.120000, low price: 296.000000, high price: 296.120000, volume: 2582.000000}
{end time: 2020-01-02T09:28-05:00[America/New_York], close price: 296.250000, open price: 296.190000, low price: 296.190000, high price: 296.290000, volume: 3015.000000}
{end time: 2020-01-02T09:29-05:00[America/New_York], close price: 296.300000, open price: 296.290000, low price: 296.210000, high price: 296.390000, volume: 4630.000000}
{end time: 2020-01-02T09:30-05:00[America/New_York], close price: 295.754800, open price: 296.240000, low price: 295.390000, high price: 296.300000, volume: 851971.000000}
{end time: 2020-01-02T09:31-05:00[America/New_York], close price: 295.530000, open price: 295.700000, low price: 295.303700, high price: 295.910000, volume: 230285.000000}
{end time: 2020-01-02T09:32-05:00[America/New_York], close price: 295.705000, open price: 295.490000, low price: 295.190000, high price: 295.810000, volume: 200695.000000}
{end time: 2020-01-02T09:33-05:00[America/New_York], close price: 296.550000, open price: 295.710000, low price: 295.700000, high price: 296.800000, volume: 331069.000000}
{end time: 2020-01-02T09:34-05:00[America/New_York], close price: 296.870000, open price: 296.530000, low price: 296.120000, high price: 296.926000, volume: 227982.000000}
{end time: 2020-01-02T09:35-05:00[America/New_York], close price: 297.278700, open price: 296.930000, low price: 296.900000, high price: 297.440000, volume: 340736.000000}
{end time: 2020-01-02T09:36-05:00[America/New_York], close price: 297.840000, open price: 297.300000, low price: 297.240000, high price: 297.840000, volume: 243100.000000}
{end time: 2020-01-02T09:37-05:00[America/New_York], close price: 297.680000, open price: 297.825000, low price: 297.610000, high price: 297.950000, volume: 253729.000000}
{end time: 2020-01-02T09:38-05:00[America/New_York], close price: 297.610000, open price: 297.663900, low price: 297.399700, high price: 297.729900, volume: 196252.000000}
{end time: 2020-01-02T09:39-05:00[America/New_York], close price: 297.270000, open price: 297.624900, low price: 297.240000, high price: 297.929900, volume: 205667.000000}
{end time: 2020-01-02T09:40-05:00[America/New_York], close price: 297.660000, open price: 297.270000, low price: 297.270000, high price: 297.710000, volume: 189127.000000}
{end time: 2020-01-02T09:41-05:00[America/New_York], close price: 297.270000, open price: 297.660100, low price: 297.230000, high price: 297.700000, volume: 145118.000000}
{end time: 2020-01-02T09:42-05:00[America/New_York], close price: 296.880000, open price: 297.260700, low price: 296.870000, high price: 297.268200, volume: 212282.000000}
{end time: 2020-01-02T09:43-05:00[America/New_York], close price: 297.370000, open price: 296.900000, low price: 296.890000, high price: 297.410000, volume: 136801.000000}
{end time: 2020-01-02T09:44-05:00[America/New_York], close price: 297.120000, open price: 297.370000, low price: 297.090000, high price: 297.430000, volume: 95913.000000}
{end time: 2020-01-02T09:45-05:00[America/New_York], close price: 297.313800, open price: 297.130000, low price: 297.125000, high price: 297.420000, volume: 139386.000000}
{end time: 2020-01-02T09:46-05:00[America/New_York], close price: 297.260000, open price: 297.315400, low price: 297.240000, high price: 297.409900, volume: 103519.000000}
{end time: 2020-01-02T09:47-05:00[America/New_York], close price: 297.229300, open price: 297.250000, low price: 297.030000, high price: 297.250000, volume: 113028.000000}
{end time: 2020-01-02T09:48-05:00[America/New_York], close price: 297.180000, open price: 297.240000, low price: 297.150000, high price: 297.400000, volume: 117543.000000}
{end time: 2020-01-02T09:49-05:00[America/New_York], close price: 296.830000, open price: 297.165000, low price: 296.800000, high price: 297.220000, volume: 149691.000000}
{end time: 2020-01-02T09:50-05:00[America/New_York], close price: 296.910000, open price: 296.800000, low price: 296.700000, high price: 297.135000, volume: 125450.000000}
{end time: 2020-01-02T09:51-05:00[America/New_York], close price: 297.107000, open price: 296.948400, low price: 296.929900, high price: 297.110000, volume: 75454.000000}
{end time: 2020-01-02T09:52-05:00[America/New_York], close price: 297.095000, open price: 297.110000, low price: 296.965000, high price: 297.185400, volume: 105108.000000}
{end time: 2020-01-02T09:53-05:00[America/New_York], close price: 296.979900, open price: 297.095000, low price: 296.900000, high price: 297.139900, volume: 82903.000000}
{end time: 2020-01-02T09:54-05:00[America/New_York], close price: 297.280000, open price: 296.973600, low price: 296.864400, high price: 297.300000, volume: 139396.000000}
{end time: 2020-01-02T09:55-05:00[America/New_York], close price: 297.450000, open price: 297.300000, low price: 297.250000, high price: 297.490000, volume: 117032.000000}
{end time: 2020-01-02T09:56-05:00[America/New_York], close price: 297.750000, open price: 297.447500, low price: 297.440000, high price: 297.780000, volume: 161967.000000}
{end time: 2020-01-02T09:57-05:00[America/New_York], close price: 297.929900, open price: 297.770000, low price: 297.660000, high price: 297.930000, volume: 125383.000000}
{end time: 2020-01-02T09:58-05:00[America/New_York], close price: 297.700000, open price: 297.930000, low price: 297.650100, high price: 297.940000, volume: 120404.000000}
{end time: 2020-01-02T09:59-05:00[America/New_York], close price: 297.970000, open price: 297.690000, low price: 297.680000, high price: 298.150000, volume: 297293.000000}
{end time: 2020-01-02T10:00-05:00[America/New_York], close price: 297.930000, open price: 297.990000, low price: 297.690000, high price: 298.005000, volume: 161433.000000}
{end time: 2020-01-02T10:01-05:00[America/New_York], close price: 297.920000, open price: 297.950000, low price: 297.910000, high price: 298.080000, volume: 136699.000000}
{end time: 2020-01-02T10:02-05:00[America/New_York], close price: 297.659200, open price: 297.919400, low price: 297.510000, high price: 297.920000, volume: 147723.000000}
{end time: 2020-01-02T10:03-05:00[America/New_York], close price: 297.785300, open price: 297.670000, low price: 297.600000, high price: 297.830000, volume: 89176.000000}
{end time: 2020-01-02T10:04-05:00[America/New_York], close price: 297.800000, open price: 297.784700, low price: 297.690000, high price: 297.940000, volume: 68397.000000}
{end time: 2020-01-02T10:05-05:00[America/New_York], close price: 298.170000, open price: 297.800000, low price: 297.800000, high price: 298.210000, volume: 165421.000000}
{end time: 2020-01-02T10:06-05:00[America/New_York], close price: 298.350000, open price: 298.130000, low price: 298.130000, high price: 298.360000, volume: 158161.000000}
{end time: 2020-01-02T10:07-05:00[America/New_York], close price: 298.189900, open price: 298.350000, low price: 298.098500, high price: 298.410000, volume: 117497.000000}
{end time: 2020-01-02T10:08-05:00[America/New_York], close price: 298.260000, open price: 298.190000, low price: 298.120000, high price: 298.280600, volume: 116725.000000}
{end time: 2020-01-02T10:09-05:00[America/New_York], close price: 298.260000, open price: 298.280000, low price: 298.120000, high price: 298.350000, volume: 102519.000000}
{end time: 2020-01-02T10:10-05:00[America/New_York], close price: 298.188600, open price: 298.269300, low price: 298.090100, high price: 298.310000, volume: 114794.000000}
{end time: 2020-01-02T10:11-05:00[America/New_York], close price: 297.750000, open price: 298.170000, low price: 297.630000, high price: 298.203600, volume: 167183.000000}
{end time: 2020-01-02T10:12-05:00[America/New_York], close price: 297.639900, open price: 297.770000, low price: 297.460000, high price: 297.784700, volume: 115892.000000}
{end time: 2020-01-02T10:13-05:00[America/New_York], close price: 297.560000, open price: 297.650000, low price: 297.490000, high price: 297.700000, volume: 110822.000000}
{end time: 2020-01-02T10:14-05:00[America/New_York], close price: 297.390000, open price: 297.560000, low price: 297.310100, high price: 297.750000, volume: 127077.000000}
{end time: 2020-01-02T10:15-05:00[America/New_York], close price: 297.090000, open price: 297.370100, low price: 296.930000, high price: 297.385700, volume: 171031.000000}
{end time: 2020-01-02T10:16-05:00[America/New_York], close price: 297.027400, open price: 297.105500, low price: 296.970000, high price: 297.350000, volume: 115111.000000}
{end time: 2020-01-02T10:17-05:00[America/New_York], close price: 297.477600, open price: 297.026200, low price: 296.950000, high price: 297.510000, volume: 93270.000000}
{end time: 2020-01-02T10:18-05:00[America/New_York], close price: 297.597100, open price: 297.466300, low price: 297.200000, high price: 297.610000, volume: 95768.000000}
{end time: 2020-01-02T10:19-05:00[America/New_York], close price: 297.220000, open price: 297.590000, low price: 297.110000, high price: 297.600500, volume: 136922.000000}
{end time: 2020-01-02T10:20-05:00[America/New_York], close price: 297.220000, open price: 297.190000, low price: 297.000000, high price: 297.242500, volume: 78125.000000}
{end time: 2020-01-02T10:21-05:00[America/New_York], close price: 297.179100, open price: 297.245900, low price: 297.070000, high price: 297.430000, volume: 77294.000000}
{end time: 2020-01-02T10:22-05:00[America/New_York], close price: 297.060000, open price: 297.160000, low price: 296.950100, high price: 297.260000, volume: 112988.000000}
{end time: 2020-01-02T10:23-05:00[America/New_York], close price: 296.870000, open price: 297.040000, low price: 296.595000, high price: 297.040000, volume: 217838.000000}
{end time: 2020-01-02T10:24-05:00[America/New_York], close price: 297.167300, open price: 296.890000, low price: 296.740000, high price: 297.167300, volume: 92860.000000}
{end time: 2020-01-02T10:25-05:00[America/New_York], close price: 297.005000, open price: 297.155600, low price: 296.840000, high price: 297.155600, volume: 81439.000000}
{end time: 2020-01-02T10:26-05:00[America/New_York], close price: 297.192200, open price: 296.990000, low price: 296.990000, high price: 297.290000, volume: 79026.000000}
{end time: 2020-01-02T10:27-05:00[America/New_York], close price: 297.250000, open price: 297.190000, low price: 297.120000, high price: 297.400000, volume: 106702.000000}
{end time: 2020-01-02T10:28-05:00[America/New_York], close price: 297.410000, open price: 297.250000, low price: 297.220000, high price: 297.440000, volume: 64350.000000}
{end time: 2020-01-02T10:29-05:00[America/New_York], close price: 297.540000, open price: 297.429900, low price: 297.410000, high price: 297.590000, volume: 124671.000000}
{end time: 2020-01-02T10:30-05:00[America/New_York], close price: 297.494900, open price: 297.540000, low price: 297.400000, high price: 297.600000, volume: 78462.000000}
{end time: 2020-01-02T10:31-05:00[America/New_York], close price: 297.319900, open price: 297.499900, low price: 297.270000, high price: 297.499900, volume: 97436.000000}
{end time: 2020-01-02T10:32-05:00[America/New_York], close price: 297.340000, open price: 297.300000, low price: 297.240000, high price: 297.435000, volume: 55454.000000}
{end time: 2020-01-02T10:33-05:00[America/New_York], close price: 297.555600, open price: 297.310000, low price: 297.210000, high price: 297.600000, volume: 77236.000000}
{end time: 2020-01-02T10:34-05:00[America/New_York], close price: 297.460000, open price: 297.550000, low price: 297.330000, high price: 297.570100, volume: 56833.000000}
{end time: 2020-01-02T10:35-05:00[America/New_York], close price: 297.360000, open price: 297.458400, low price: 297.340000, high price: 297.485500, volume: 74824.000000}
{end time: 2020-01-02T10:36-05:00[America/New_York], close price: 297.510000, open price: 297.370000, low price: 297.360100, high price: 297.570000, volume: 58149.000000}
{end time: 2020-01-02T10:37-05:00[America/New_York], close price: 297.460000, open price: 297.528600, low price: 297.380000, high price: 297.580000, volume: 68448.000000}
{end time: 2020-01-02T10:38-05:00[America/New_York], close price: 297.245000, open price: 297.459900, low price: 297.110000, high price: 297.489900, volume: 92471.000000}
{end time: 2020-01-02T10:39-05:00[America/New_York], close price: 297.300000, open price: 297.240200, low price: 297.110000, high price: 297.350000, volume: 58511.000000}
{end time: 2020-01-02T10:40-05:00[America/New_York], close price: 297.253700, open price: 297.280000, low price: 297.150000, high price: 297.280000, volume: 43819.000000}
{end time: 2020-01-02T10:41-05:00[America/New_York], close price: 297.380100, open price: 297.260000, low price: 297.150000, high price: 297.390000, volume: 56440.000000}
{end time: 2020-01-02T10:42-05:00[America/New_York], close price: 297.700000, open price: 297.390000, low price: 297.380000, high price: 297.730000, volume: 103480.000000}
{end time: 2020-01-02T10:43-05:00[America/New_York], close price: 297.610000, open price: 297.710000, low price: 297.540000, high price: 297.750000, volume: 85090.000000}
{end time: 2020-01-02T10:44-05:00[America/New_York], close price: 297.560000, open price: 297.610000, low price: 297.530100, high price: 297.660000, volume: 67249.000000}
{end time: 2020-01-02T10:45-05:00[America/New_York], close price: 297.670000, open price: 297.550000, low price: 297.540100, high price: 297.750000, volume: 87754.000000}
{end time: 2020-01-02T10:46-05:00[America/New_York], close price: 297.714400, open price: 297.705200, low price: 297.600000, high price: 297.750000, volume: 66599.000000}
{end time: 2020-01-02T10:47-05:00[America/New_York], close price: 297.700000, open price: 297.715000, low price: 297.640100, high price: 297.790000, volume: 76952.000000}
{end time: 2020-01-02T10:48-05:00[America/New_York], close price: 297.530000, open price: 297.709800, low price: 297.370000, high price: 297.750000, volume: 90885.000000}
{end time: 2020-01-02T10:49-05:00[America/New_York], close price: 297.889700, open price: 297.540000, low price: 297.540000, high price: 297.900000, volume: 109481.000000}
{end time: 2020-01-02T10:50-05:00[America/New_York], close price: 297.940000, open price: 297.880000, low price: 297.859400, high price: 298.050000, volume: 128687.000000}
{end time: 2020-01-02T10:51-05:00[America/New_York], close price: 297.782600, open price: 297.955000, low price: 297.770100, high price: 297.955000, volume: 68870.000000}
{end time: 2020-01-02T10:52-05:00[America/New_York], close price: 297.898500, open price: 297.780000, low price: 297.770000, high price: 298.000000, volume: 85174.000000}
{end time: 2020-01-02T10:53-05:00[America/New_York], close price: 297.930000, open price: 297.880000, low price: 297.820000, high price: 298.000000, volume: 82011.000000}
{end time: 2020-01-02T10:54-05:00[America/New_York], close price: 297.869500, open price: 297.922000, low price: 297.760000, high price: 297.950000, volume: 74852.000000}
{end time: 2020-01-02T10:55-05:00[America/New_York], close price: 298.020000, open price: 297.865000, low price: 297.851000, high price: 298.020000, volume: 90573.000000}
{end time: 2020-01-02T10:56-05:00[America/New_York], close price: 298.024000, open price: 298.020000, low price: 297.980000, high price: 298.100000, volume: 100601.000000}
{end time: 2020-01-02T10:57-05:00[America/New_York], close price: 298.150000, open price: 298.028800, low price: 298.028800, high price: 298.300000, volume: 135422.000000}
{end time: 2020-01-02T10:58-05:00[America/New_York], close price: 298.278800, open price: 298.159900, low price: 298.141600, high price: 298.290000, volume: 56830.000000}
{end time: 2020-01-02T10:59-05:00[America/New_York], close price: 298.110000, open price: 298.285500, low price: 298.078900, high price: 298.360000, volume: 83040.000000}
{end time: 2020-01-02T11:00-05:00[America/New_York], close price: 298.155000, open price: 298.130000, low price: 297.961700, high price: 298.170000, volume: 93365.000000}
{end time: 2020-01-02T11:01-05:00[America/New_York], close price: 297.935100, open price: 298.160000, low price: 297.780000, high price: 298.180000, volume: 95970.000000}
{end time: 2020-01-02T11:02-05:00[America/New_York], close price: 297.905000, open price: 297.930000, low price: 297.810000, high price: 297.930000, volume: 52592.000000}
{end time: 2020-01-02T11:03-05:00[America/New_York], close price: 297.860000, open price: 297.909900, low price: 297.860000, high price: 297.990000, volume: 60048.000000}
{end time: 2020-01-02T11:04-05:00[America/New_York], close price: 297.960000, open price: 297.856400, low price: 297.856400, high price: 297.960000, volume: 87037.000000}
{end time: 2020-01-02T11:05-05:00[America/New_York], close price: 297.899100, open price: 297.960500, low price: 297.810000, high price: 297.970000, volume: 61423.000000}
{end time: 2020-01-02T11:06-05:00[America/New_York], close price: 298.130000, open price: 297.910000, low price: 297.860000, high price: 298.160000, volume: 117523.000000}
{end time: 2020-01-02T11:07-05:00[America/New_York], close price: 298.130000, open price: 298.120000, low price: 298.050000, high price: 298.180000, volume: 84602.000000}
{end time: 2020-01-02T11:08-05:00[America/New_York], close price: 298.220000, open price: 298.140000, low price: 298.080000, high price: 298.240000, volume: 77630.000000}
{end time: 2020-01-02T11:09-05:00[America/New_York], close price: 298.280000, open price: 298.217600, low price: 298.211600, high price: 298.300000, volume: 60312.000000}
{end time: 2020-01-02T11:10-05:00[America/New_York], close price: 298.272000, open price: 298.285300, low price: 298.160000, high price: 298.290000, volume: 52982.000000}
{end time: 2020-01-02T11:11-05:00[America/New_York], close price: 298.365200, open price: 298.280000, low price: 298.270000, high price: 298.410000, volume: 104329.000000}
{end time: 2020-01-02T11:12-05:00[America/New_York], close price: 298.557000, open price: 298.373100, low price: 298.370000, high price: 298.583400, volume: 138996.000000}
{end time: 2020-01-02T11:13-05:00[America/New_York], close price: 298.470000, open price: 298.560000, low price: 298.400000, high price: 298.600000, volume: 79008.000000}
{end time: 2020-01-02T11:14-05:00[America/New_York], close price: 298.729800, open price: 298.475400, low price: 298.470000, high price: 298.739800, volume: 112428.000000}
]]></system-out>
  <system-err><![CDATA[SLF4J: Failed to load class "org.slf4j.impl.StaticLoggerBinder".
SLF4J: Defaulting to no-operation (NOP) logger implementation
SLF4J: See http://www.slf4j.org/codes.html#StaticLoggerBinder for further details.
]]></system-err>
</testsuite>
